{"meta": {"format": 3, "version": "7.11.0", "timestamp": "2026-02-04T08:43:17.089061", "branch_coverage": false, "show_contexts": false}, "files": {"deepr\\__init__.py": {"executed_lines": [1, 7, 8, 10, 11, 12, 13, 15], "summary": {"covered_lines": 7, "num_statements": 7, "percent_covered": 100.0, "percent_covered_display": "100", "missing_lines": 0, "excluded_lines": 0}, "missing_lines": [], "excluded_lines": [], "functions": {"": {"executed_lines": [1, 7, 8, 10, 11, 12, 13, 15], "summary": {"covered_lines": 7, "num_statements": 7, "percent_covered": 100.0, "percent_covered_display": "100", "missing_lines": 0, "excluded_lines": 0}, "missing_lines": [], "excluded_lines": []}}, "classes": {"": {"executed_lines": [1, 7, 8, 10, 11, 12, 13, 15], "summary": {"covered_lines": 7, "num_statements": 7, "percent_covered": 100.0, "percent_covered_display": "100", "missing_lines": 0, "excluded_lines": 0}, "missing_lines": [], "excluded_lines": []}}}, "deepr\\api\\__init__.py": {"executed_lines": [1, 7, 9], "summary": {"covered_lines": 2, "num_statements": 2, "percent_covered": 100.0, "percent_covered_display": "100", "missing_lines": 0, "excluded_lines": 0}, "missing_lines": [], "excluded_lines": [], "functions": {"": {"executed_lines": [1, 7, 9], "summary": {"covered_lines": 2, "num_statements": 2, "percent_covered": 100.0, "percent_covered_display": "100", "missing_lines": 0, "excluded_lines": 0}, "missing_lines": [], "excluded_lines": []}}, "classes": {"": {"executed_lines": [1, 7, 9], "summary": {"covered_lines": 2, "num_statements": 2, "percent_covered": 100.0, "percent_covered_display": "100", "missing_lines": 0, "excluded_lines": 0}, "missing_lines": [], "excluded_lines": []}}}, "deepr\\api\\app.py": {"executed_lines": [1, 8, 9, 10, 11, 12, 13, 14, 15, 18, 26, 29, 35, 38, 40, 43, 47, 50, 53, 54, 56, 57, 71, 371, 386, 390, 394, 397, 398, 399, 400, 401, 402, 403, 406, 407, 408, 409, 412, 414, 415, 416, 417, 419, 422, 423, 424, 485, 486, 487, 491, 493, 494, 495, 496, 497, 498, 500, 502, 503, 504, 521, 524, 525, 526, 579, 581, 582, 584, 601, 604, 605, 606, 680, 681, 684, 685, 686, 687, 689, 690, 693, 694, 704, 707, 715, 718, 725, 726, 733, 745, 746, 747, 788, 789, 792, 793, 794, 835, 836, 839, 840, 841, 878, 880, 890, 893, 894, 895, 959, 961, 962, 964, 965, 968, 970, 977, 978, 979, 1018, 1019, 1020, 1023, 1034, 1037], "summary": {"covered_lines": 123, "num_statements": 133, "percent_covered": 92.4812030075188, "percent_covered_display": "92", "missing_lines": 10, "excluded_lines": 11}, "missing_lines": [59, 60, 61, 62, 63, 64, 65, 488, 489, 682], "excluded_lines": [1037, 1038, 1039, 1040, 1041, 1042, 1043, 1044, 1045, 1046, 1047], "functions": {"_check_auth": {"executed_lines": [56, 57], "summary": {"covered_lines": 2, "num_statements": 9, "percent_covered": 22.22222222222222, "percent_covered_display": "22", "missing_lines": 7, "excluded_lines": 0}, "missing_lines": [59, 60, 61, 62, 63, 64, 65], "excluded_lines": []}, "run_async": {"executed_lines": [414, 415, 416, 417, 419], "summary": {"covered_lines": 5, "num_statements": 5, "percent_covered": 100.0, "percent_covered_display": "100", "missing_lines": 0, "excluded_lines": 0}, "missing_lines": [], "excluded_lines": []}, "list_jobs": {"executed_lines": [485, 486, 487, 491, 493, 494, 495, 496, 497, 498, 500, 502, 503, 504, 521], "summary": {"covered_lines": 15, "num_statements": 17, "percent_covered": 88.23529411764706, "percent_covered_display": "88", "missing_lines": 2, "excluded_lines": 0}, "missing_lines": [488, 489], "excluded_lines": []}, "get_job": {"executed_lines": [579, 581, 582, 584, 601], "summary": {"covered_lines": 5, "num_statements": 5, "percent_covered": 100.0, "percent_covered_display": "100", "missing_lines": 0, "excluded_lines": 0}, "missing_lines": [], "excluded_lines": []}, "submit_job": {"executed_lines": [680, 681, 684, 685, 686, 687, 689, 690, 693, 694, 704, 707, 715, 718, 725, 726, 733], "summary": {"covered_lines": 17, "num_statements": 18, "percent_covered": 94.44444444444444, "percent_covered_display": "94", "missing_lines": 1, "excluded_lines": 0}, "missing_lines": [682], "excluded_lines": []}, "cancel_job": {"executed_lines": [788, 789], "summary": {"covered_lines": 2, "num_statements": 2, "percent_covered": 100.0, "percent_covered_display": "100", "missing_lines": 0, "excluded_lines": 0}, "missing_lines": [], "excluded_lines": []}, "delete_job": {"executed_lines": [835, 836], "summary": {"covered_lines": 2, "num_statements": 2, "percent_covered": 100.0, "percent_covered_display": "100", "missing_lines": 0, "excluded_lines": 0}, "missing_lines": [], "excluded_lines": []}, "get_stats": {"executed_lines": [878, 880, 890], "summary": {"covered_lines": 3, "num_statements": 3, "percent_covered": 100.0, "percent_covered_display": "100", "missing_lines": 0, "excluded_lines": 0}, "missing_lines": [], "excluded_lines": []}, "get_result": {"executed_lines": [959, 961, 962, 964, 965, 968, 970], "summary": {"covered_lines": 7, "num_statements": 7, "percent_covered": 100.0, "percent_covered_display": "100", "missing_lines": 0, "excluded_lines": 0}, "missing_lines": [], "excluded_lines": []}, "get_cost_summary": {"executed_lines": [1018, 1019, 1020, 1023, 1034], "summary": {"covered_lines": 5, "num_statements": 5, "percent_covered": 100.0, "percent_covered_display": "100", "missing_lines": 0, "excluded_lines": 0}, "missing_lines": [], "excluded_lines": []}, "": {"executed_lines": [1, 8, 9, 10, 11, 12, 13, 14, 15, 18, 26, 29, 35, 38, 40, 43, 47, 50, 53, 54, 71, 371, 386, 390, 394, 397, 398, 399, 400, 401, 402, 403, 406, 407, 408, 409, 412, 422, 423, 424, 524, 525, 526, 604, 605, 606, 745, 746, 747, 792, 793, 794, 839, 840, 841, 893, 894, 895, 977, 978, 979, 1037], "summary": {"covered_lines": 60, "num_statements": 60, "percent_covered": 100.0, "percent_covered_display": "100", "missing_lines": 0, "excluded_lines": 11}, "missing_lines": [], "excluded_lines": [1037, 1038, 1039, 1040, 1041, 1042, 1043, 1044, 1045, 1046, 1047]}}, "classes": {"": {"executed_lines": [1, 8, 9, 10, 11, 12, 13, 14, 15, 18, 26, 29, 35, 38, 40, 43, 47, 50, 53, 54, 56, 57, 71, 371, 386, 390, 394, 397, 398, 399, 400, 401, 402, 403, 406, 407, 408, 409, 412, 414, 415, 416, 417, 419, 422, 423, 424, 485, 486, 487, 491, 493, 494, 495, 496, 497, 498, 500, 502, 503, 504, 521, 524, 525, 526, 579, 581, 582, 584, 601, 604, 605, 606, 680, 681, 684, 685, 686, 687, 689, 690, 693, 694, 704, 707, 715, 718, 725, 726, 733, 745, 746, 747, 788, 789, 792, 793, 794, 835, 836, 839, 840, 841, 878, 880, 890, 893, 894, 895, 959, 961, 962, 964, 965, 968, 970, 977, 978, 979, 1018, 1019, 1020, 1023, 1034, 1037], "summary": {"covered_lines": 123, "num_statements": 133, "percent_covered": 92.4812030075188, "percent_covered_display": "92", "missing_lines": 10, "excluded_lines": 11}, "missing_lines": [59, 60, 61, 62, 63, 64, 65, 488, 489, 682], "excluded_lines": [1037, 1038, 1039, 1040, 1041, 1042, 1043, 1044, 1045, 1046, 1047]}}}, "deepr\\api\\middleware\\__init__.py": {"executed_lines": [1, 3, 4, 6], "summary": {"covered_lines": 3, "num_statements": 3, "percent_covered": 100.0, "percent_covered_display": "100", "missing_lines": 0, "excluded_lines": 0}, "missing_lines": [], "excluded_lines": [], "functions": {"": {"executed_lines": [1, 3, 4, 6], "summary": {"covered_lines": 3, "num_statements": 3, "percent_covered": 100.0, "percent_covered_display": "100", "missing_lines": 0, "excluded_lines": 0}, "missing_lines": [], "excluded_lines": []}}, "classes": {"": {"executed_lines": [1, 3, 4, 6], "summary": {"covered_lines": 3, "num_statements": 3, "percent_covered": 100.0, "percent_covered_display": "100", "missing_lines": 0, "excluded_lines": 0}, "missing_lines": [], "excluded_lines": []}}}, "deepr\\api\\middleware\\errors.py": {"executed_lines": [1, 12, 13, 14, 15, 17, 18, 20, 23, 56, 68, 69, 82, 83, 86, 89, 91, 93, 94, 107, 108, 110, 117, 118, 132, 133, 134, 137], "summary": {"covered_lines": 27, "num_statements": 27, "percent_covered": 100.0, "percent_covered_display": "100", "missing_lines": 0, "excluded_lines": 0}, "missing_lines": [], "excluded_lines": [], "functions": {"register_error_handlers": {"executed_lines": [68, 69, 93, 94, 117, 118], "summary": {"covered_lines": 6, "num_statements": 6, "percent_covered": 100.0, "percent_covered_display": "100", "missing_lines": 0, "excluded_lines": 0}, "missing_lines": [], "excluded_lines": []}, "register_error_handlers.handle_deepr_error": {"executed_lines": [82, 83, 86, 89, 91], "summary": {"covered_lines": 5, "num_statements": 5, "percent_covered": 100.0, "percent_covered_display": "100", "missing_lines": 0, "excluded_lines": 0}, "missing_lines": [], "excluded_lines": []}, "register_error_handlers.handle_http_exception": {"executed_lines": [107, 108, 110], "summary": {"covered_lines": 3, "num_statements": 3, "percent_covered": 100.0, "percent_covered_display": "100", "missing_lines": 0, "excluded_lines": 0}, "missing_lines": [], "excluded_lines": []}, "register_error_handlers.handle_unexpected_error": {"executed_lines": [132, 133, 134, 137], "summary": {"covered_lines": 4, "num_statements": 4, "percent_covered": 100.0, "percent_covered_display": "100", "missing_lines": 0, "excluded_lines": 0}, "missing_lines": [], "excluded_lines": []}, "": {"executed_lines": [1, 12, 13, 14, 15, 17, 18, 20, 23, 56], "summary": {"covered_lines": 9, "num_statements": 9, "percent_covered": 100.0, "percent_covered_display": "100", "missing_lines": 0, "excluded_lines": 0}, "missing_lines": [], "excluded_lines": []}}, "classes": {"": {"executed_lines": [1, 12, 13, 14, 15, 17, 18, 20, 23, 56, 68, 69, 82, 83, 86, 89, 91, 93, 94, 107, 108, 110, 117, 118, 132, 133, 134, 137], "summary": {"covered_lines": 27, "num_statements": 27, "percent_covered": 100.0, "percent_covered_display": "100", "missing_lines": 0, "excluded_lines": 0}, "missing_lines": [], "excluded_lines": []}}}, "deepr\\api\\middleware\\rate_limiter.py": {"executed_lines": [2, 10, 11, 12, 13, 15, 21, 24, 44, 52, 53, 63, 66, 73, 76, 90, 93, 107, 110, 124], "summary": {"covered_lines": 19, "num_statements": 19, "percent_covered": 100.0, "percent_covered_display": "100", "missing_lines": 0, "excluded_lines": 0}, "missing_lines": [], "excluded_lines": [], "functions": {"create_limiter": {"executed_lines": [44, 52, 53, 73], "summary": {"covered_lines": 4, "num_statements": 4, "percent_covered": 100.0, "percent_covered_display": "100", "missing_lines": 0, "excluded_lines": 0}, "missing_lines": [], "excluded_lines": []}, "create_limiter.ratelimit_handler": {"executed_lines": [63, 66], "summary": {"covered_lines": 2, "num_statements": 2, "percent_covered": 100.0, "percent_covered_display": "100", "missing_lines": 0, "excluded_lines": 0}, "missing_lines": [], "excluded_lines": []}, "limit_job_submit": {"executed_lines": [90], "summary": {"covered_lines": 1, "num_statements": 1, "percent_covered": 100.0, "percent_covered_display": "100", "missing_lines": 0, "excluded_lines": 0}, "missing_lines": [], "excluded_lines": []}, "limit_job_status": {"executed_lines": [107], "summary": {"covered_lines": 1, "num_statements": 1, "percent_covered": 100.0, "percent_covered_display": "100", "missing_lines": 0, "excluded_lines": 0}, "missing_lines": [], "excluded_lines": []}, "limit_listing": {"executed_lines": [124], "summary": {"covered_lines": 1, "num_statements": 1, "percent_covered": 100.0, "percent_covered_display": "100", "missing_lines": 0, "excluded_lines": 0}, "missing_lines": [], "excluded_lines": []}, "": {"executed_lines": [2, 10, 11, 12, 13, 15, 21, 24, 76, 93, 110], "summary": {"covered_lines": 10, "num_statements": 10, "percent_covered": 100.0, "percent_covered_display": "100", "missing_lines": 0, "excluded_lines": 0}, "missing_lines": [], "excluded_lines": []}}, "classes": {"": {"executed_lines": [2, 10, 11, 12, 13, 15, 21, 24, 44, 52, 53, 63, 66, 73, 76, 90, 93, 107, 110, 124], "summary": {"covered_lines": 19, "num_statements": 19, "percent_covered": 100.0, "percent_covered_display": "100", "missing_lines": 0, "excluded_lines": 0}, "missing_lines": [], "excluded_lines": []}}}, "deepr\\api\\routes\\__init__.py": {"executed_lines": [], "summary": {"covered_lines": 0, "num_statements": 2, "percent_covered": 0.0, "percent_covered_display": "0", "missing_lines": 2, "excluded_lines": 0}, "missing_lines": [3, 5], "excluded_lines": [], "functions": {"": {"executed_lines": [], "summary": {"covered_lines": 0, "num_statements": 2, "percent_covered": 0.0, "percent_covered_display": "0", "missing_lines": 2, "excluded_lines": 0}, "missing_lines": [3, 5], "excluded_lines": []}}, "classes": {"": {"executed_lines": [], "summary": {"covered_lines": 0, "num_statements": 2, "percent_covered": 0.0, "percent_covered_display": "0", "missing_lines": 2, "excluded_lines": 0}, "missing_lines": [3, 5], "excluded_lines": []}}}, "deepr\\api\\routes\\config.py": {"executed_lines": [], "summary": {"covered_lines": 0, "num_statements": 73, "percent_covered": 0.0, "percent_covered_display": "0", "missing_lines": 73, "excluded_lines": 0}, "missing_lines": [3, 4, 6, 7, 8, 10, 12, 15, 16, 23, 24, 27, 37, 39, 40, 41, 44, 45, 61, 62, 64, 65, 68, 69, 70, 72, 74, 75, 76, 79, 80, 94, 95, 98, 99, 101, 102, 103, 104, 106, 107, 110, 111, 114, 120, 121, 127, 128, 129, 132, 133, 140, 141, 144, 145, 150, 151, 154, 155, 156, 157, 158, 159, 160, 161, 162, 163, 168, 170, 184, 186, 187, 188], "excluded_lines": [], "functions": {"get_config": {"executed_lines": [], "summary": {"covered_lines": 0, "num_statements": 7, "percent_covered": 0.0, "percent_covered_display": "0", "missing_lines": 7, "excluded_lines": 0}, "missing_lines": [23, 24, 27, 37, 39, 40, 41], "excluded_lines": []}, "update_config": {"executed_lines": [], "summary": {"covered_lines": 0, "num_statements": 11, "percent_covered": 0.0, "percent_covered_display": "0", "missing_lines": 11, "excluded_lines": 0}, "missing_lines": [61, 62, 64, 65, 68, 69, 70, 72, 74, 75, 76], "excluded_lines": []}, "test_connection": {"executed_lines": [], "summary": {"covered_lines": 0, "num_statements": 18, "percent_covered": 0.0, "percent_covered_display": "0", "missing_lines": 18, "excluded_lines": 0}, "missing_lines": [94, 95, 98, 99, 101, 102, 103, 104, 106, 107, 110, 111, 114, 120, 121, 127, 128, 129], "excluded_lines": []}, "get_status": {"executed_lines": [], "summary": {"covered_lines": 0, "num_statements": 22, "percent_covered": 0.0, "percent_covered_display": "0", "missing_lines": 22, "excluded_lines": 0}, "missing_lines": [140, 141, 144, 145, 150, 151, 154, 155, 156, 157, 158, 159, 160, 161, 162, 163, 168, 170, 184, 186, 187, 188], "excluded_lines": []}, "": {"executed_lines": [], "summary": {"covered_lines": 0, "num_statements": 15, "percent_covered": 0.0, "percent_covered_display": "0", "missing_lines": 15, "excluded_lines": 0}, "missing_lines": [3, 4, 6, 7, 8, 10, 12, 15, 16, 44, 45, 79, 80, 132, 133], "excluded_lines": []}}, "classes": {"": {"executed_lines": [], "summary": {"covered_lines": 0, "num_statements": 73, "percent_covered": 0.0, "percent_covered_display": "0", "missing_lines": 73, "excluded_lines": 0}, "missing_lines": [3, 4, 6, 7, 8, 10, 12, 15, 16, 23, 24, 27, 37, 39, 40, 41, 44, 45, 61, 62, 64, 65, 68, 69, 70, 72, 74, 75, 76, 79, 80, 94, 95, 98, 99, 101, 102, 103, 104, 106, 107, 110, 111, 114, 120, 121, 127, 128, 129, 132, 133, 140, 141, 144, 145, 150, 151, 154, 155, 156, 157, 158, 159, 160, 161, 162, 163, 168, 170, 184, 186, 187, 188], "excluded_lines": []}}}, "deepr\\api\\routes\\cost.py": {"executed_lines": [], "summary": {"covered_lines": 0, "num_statements": 103, "percent_covered": 0.0, "percent_covered_display": "0", "missing_lines": 103, "excluded_lines": 0}, "missing_lines": [3, 4, 5, 7, 8, 10, 12, 15, 17, 18, 19, 20, 21, 22, 23, 24, 25, 26, 33, 34, 41, 42, 43, 45, 47, 48, 49, 52, 53, 63, 64, 65, 66, 67, 70, 76, 77, 78, 79, 85, 87, 88, 89, 92, 93, 104, 105, 106, 107, 108, 109, 112, 117, 119, 120, 121, 124, 125, 140, 141, 143, 144, 146, 147, 148, 150, 157, 158, 160, 166, 167, 168, 171, 172, 179, 180, 182, 183, 188, 189, 195, 197, 198, 199, 202, 203, 218, 219, 221, 222, 225, 226, 227, 229, 230, 231, 232, 233, 234, 236, 238, 239, 240], "excluded_lines": [], "functions": {"get_cost_controller": {"executed_lines": [], "summary": {"covered_lines": 0, "num_statements": 10, "percent_covered": 0.0, "percent_covered_display": "0", "missing_lines": 10, "excluded_lines": 0}, "missing_lines": [17, 18, 19, 20, 21, 22, 23, 24, 25, 26], "excluded_lines": []}, "get_summary": {"executed_lines": [], "summary": {"covered_lines": 0, "num_statements": 7, "percent_covered": 0.0, "percent_covered_display": "0", "missing_lines": 7, "excluded_lines": 0}, "missing_lines": [41, 42, 43, 45, 47, 48, 49], "excluded_lines": []}, "get_trends": {"executed_lines": [], "summary": {"covered_lines": 0, "num_statements": 14, "percent_covered": 0.0, "percent_covered_display": "0", "missing_lines": 14, "excluded_lines": 0}, "missing_lines": [63, 64, 65, 66, 67, 70, 76, 77, 78, 79, 85, 87, 88, 89], "excluded_lines": []}, "get_breakdown": {"executed_lines": [], "summary": {"covered_lines": 0, "num_statements": 11, "percent_covered": 0.0, "percent_covered_display": "0", "missing_lines": 11, "excluded_lines": 0}, "missing_lines": [104, 105, 106, 107, 108, 109, 112, 117, 119, 120, 121], "excluded_lines": []}, "estimate_cost": {"executed_lines": [], "summary": {"covered_lines": 0, "num_statements": 14, "percent_covered": 0.0, "percent_covered_display": "0", "missing_lines": 14, "excluded_lines": 0}, "missing_lines": [140, 141, 143, 144, 146, 147, 148, 150, 157, 158, 160, 166, 167, 168], "excluded_lines": []}, "get_limits": {"executed_lines": [], "summary": {"covered_lines": 0, "num_statements": 10, "percent_covered": 0.0, "percent_covered_display": "0", "missing_lines": 10, "excluded_lines": 0}, "missing_lines": [179, 180, 182, 183, 188, 189, 195, 197, 198, 199], "excluded_lines": []}, "update_limits": {"executed_lines": [], "summary": {"covered_lines": 0, "num_statements": 17, "percent_covered": 0.0, "percent_covered_display": "0", "missing_lines": 17, "excluded_lines": 0}, "missing_lines": [218, 219, 221, 222, 225, 226, 227, 229, 230, 231, 232, 233, 234, 236, 238, 239, 240], "excluded_lines": []}, "": {"executed_lines": [], "summary": {"covered_lines": 0, "num_statements": 20, "percent_covered": 0.0, "percent_covered_display": "0", "missing_lines": 20, "excluded_lines": 0}, "missing_lines": [3, 4, 5, 7, 8, 10, 12, 15, 33, 34, 52, 53, 92, 93, 124, 125, 171, 172, 202, 203], "excluded_lines": []}}, "classes": {"": {"executed_lines": [], "summary": {"covered_lines": 0, "num_statements": 103, "percent_covered": 0.0, "percent_covered_display": "0", "missing_lines": 103, "excluded_lines": 0}, "missing_lines": [3, 4, 5, 7, 8, 10, 12, 15, 17, 18, 19, 20, 21, 22, 23, 24, 25, 26, 33, 34, 41, 42, 43, 45, 47, 48, 49, 52, 53, 63, 64, 65, 66, 67, 70, 76, 77, 78, 79, 85, 87, 88, 89, 92, 93, 104, 105, 106, 107, 108, 109, 112, 117, 119, 120, 121, 124, 125, 140, 141, 143, 144, 146, 147, 148, 150, 157, 158, 160, 166, 167, 168, 171, 172, 179, 180, 182, 183, 188, 189, 195, 197, 198, 199, 202, 203, 218, 219, 221, 222, 225, 226, 227, 229, 230, 231, 232, 233, 234, 236, 238, 239, 240], "excluded_lines": []}}}, "deepr\\api\\routes\\jobs.py": {"executed_lines": [], "summary": {"covered_lines": 0, "num_statements": 132, "percent_covered": 0.0, "percent_covered_display": "0", "missing_lines": 132, "excluded_lines": 0}, "missing_lines": [3, 4, 5, 6, 8, 9, 10, 11, 13, 15, 18, 20, 21, 22, 23, 26, 28, 29, 30, 31, 32, 33, 35, 36, 37, 38, 45, 46, 65, 66, 69, 70, 72, 73, 74, 75, 76, 77, 80, 87, 88, 90, 91, 94, 105, 106, 108, 113, 114, 115, 118, 119, 131, 132, 133, 134, 135, 136, 137, 139, 140, 142, 149, 150, 151, 154, 155, 163, 164, 165, 167, 168, 170, 172, 173, 174, 177, 178, 186, 187, 188, 190, 191, 193, 195, 196, 197, 200, 201, 210, 211, 212, 214, 215, 217, 219, 220, 221, 224, 225, 241, 242, 244, 245, 247, 248, 249, 251, 252, 253, 254, 255, 256, 258, 259, 260, 263, 269, 270, 272, 273, 274, 277, 285, 286, 287, 289, 290, 292, 300, 301, 302], "excluded_lines": [], "functions": {"get_queue": {"executed_lines": [], "summary": {"covered_lines": 0, "num_statements": 4, "percent_covered": 0.0, "percent_covered_display": "0", "missing_lines": 4, "excluded_lines": 0}, "missing_lines": [20, 21, 22, 23], "excluded_lines": []}, "get_cost_controller": {"executed_lines": [], "summary": {"covered_lines": 0, "num_statements": 10, "percent_covered": 0.0, "percent_covered_display": "0", "missing_lines": 10, "excluded_lines": 0}, "missing_lines": [28, 29, 30, 31, 32, 33, 35, 36, 37, 38], "excluded_lines": []}, "submit_job": {"executed_lines": [], "summary": {"covered_lines": 0, "num_statements": 22, "percent_covered": 0.0, "percent_covered_display": "0", "missing_lines": 22, "excluded_lines": 0}, "missing_lines": [65, 66, 69, 70, 72, 73, 74, 75, 76, 77, 80, 87, 88, 90, 91, 94, 105, 106, 108, 113, 114, 115], "excluded_lines": []}, "list_jobs": {"executed_lines": [], "summary": {"covered_lines": 0, "num_statements": 13, "percent_covered": 0.0, "percent_covered_display": "0", "missing_lines": 13, "excluded_lines": 0}, "missing_lines": [131, 132, 133, 134, 135, 136, 137, 139, 140, 142, 149, 150, 151], "excluded_lines": []}, "get_job": {"executed_lines": [], "summary": {"covered_lines": 0, "num_statements": 9, "percent_covered": 0.0, "percent_covered_display": "0", "missing_lines": 9, "excluded_lines": 0}, "missing_lines": [163, 164, 165, 167, 168, 170, 172, 173, 174], "excluded_lines": []}, "delete_job": {"executed_lines": [], "summary": {"covered_lines": 0, "num_statements": 9, "percent_covered": 0.0, "percent_covered_display": "0", "missing_lines": 9, "excluded_lines": 0}, "missing_lines": [186, 187, 188, 190, 191, 193, 195, 196, 197], "excluded_lines": []}, "cancel_job": {"executed_lines": [], "summary": {"covered_lines": 0, "num_statements": 9, "percent_covered": 0.0, "percent_covered_display": "0", "missing_lines": 9, "excluded_lines": 0}, "missing_lines": [210, 211, 212, 214, 215, 217, 219, 220, 221], "excluded_lines": []}, "submit_batch": {"executed_lines": [], "summary": {"covered_lines": 0, "num_statements": 32, "percent_covered": 0.0, "percent_covered_display": "0", "missing_lines": 32, "excluded_lines": 0}, "missing_lines": [241, 242, 244, 245, 247, 248, 249, 251, 252, 253, 254, 255, 256, 258, 259, 260, 263, 269, 270, 272, 273, 274, 277, 285, 286, 287, 289, 290, 292, 300, 301, 302], "excluded_lines": []}, "": {"executed_lines": [], "summary": {"covered_lines": 0, "num_statements": 24, "percent_covered": 0.0, "percent_covered_display": "0", "missing_lines": 24, "excluded_lines": 0}, "missing_lines": [3, 4, 5, 6, 8, 9, 10, 11, 13, 15, 18, 26, 45, 46, 118, 119, 154, 155, 177, 178, 200, 201, 224, 225], "excluded_lines": []}}, "classes": {"": {"executed_lines": [], "summary": {"covered_lines": 0, "num_statements": 132, "percent_covered": 0.0, "percent_covered_display": "0", "missing_lines": 132, "excluded_lines": 0}, "missing_lines": [3, 4, 5, 6, 8, 9, 10, 11, 13, 15, 18, 20, 21, 22, 23, 26, 28, 29, 30, 31, 32, 33, 35, 36, 37, 38, 45, 46, 65, 66, 69, 70, 72, 73, 74, 75, 76, 77, 80, 87, 88, 90, 91, 94, 105, 106, 108, 113, 114, 115, 118, 119, 131, 132, 133, 134, 135, 136, 137, 139, 140, 142, 149, 150, 151, 154, 155, 163, 164, 165, 167, 168, 170, 172, 173, 174, 177, 178, 186, 187, 188, 190, 191, 193, 195, 196, 197, 200, 201, 210, 211, 212, 214, 215, 217, 219, 220, 221, 224, 225, 241, 242, 244, 245, 247, 248, 249, 251, 252, 253, 254, 255, 256, 258, 259, 260, 263, 269, 270, 272, 273, 274, 277, 285, 286, 287, 289, 290, 292, 300, 301, 302], "excluded_lines": []}}}, "deepr\\api\\routes\\planner.py": {"executed_lines": [], "summary": {"covered_lines": 0, "num_statements": 98, "percent_covered": 0.0, "percent_covered_display": "0", "missing_lines": 98, "excluded_lines": 0}, "missing_lines": [7, 8, 9, 11, 12, 13, 14, 15, 17, 19, 22, 23, 49, 50, 53, 54, 56, 57, 58, 59, 60, 61, 62, 63, 64, 67, 68, 69, 74, 81, 89, 90, 92, 93, 95, 96, 101, 102, 103, 105, 112, 113, 114, 117, 118, 144, 145, 148, 149, 151, 152, 153, 155, 156, 157, 158, 159, 160, 161, 164, 167, 168, 169, 171, 172, 173, 175, 176, 177, 180, 197, 202, 203, 206, 208, 216, 224, 225, 226, 229, 230, 257, 258, 263, 265, 266, 267, 272, 283, 284, 287, 300, 301, 304, 306, 313, 314, 315], "excluded_lines": [], "functions": {"plan_research": {"executed_lines": [], "summary": {"covered_lines": 0, "num_statements": 31, "percent_covered": 0.0, "percent_covered_display": "0", "missing_lines": 31, "excluded_lines": 0}, "missing_lines": [49, 50, 53, 54, 56, 57, 58, 59, 60, 61, 62, 63, 64, 67, 68, 69, 74, 81, 89, 90, 92, 93, 95, 96, 101, 102, 103, 105, 112, 113, 114], "excluded_lines": []}, "execute_plan": {"executed_lines": [], "summary": {"covered_lines": 0, "num_statements": 34, "percent_covered": 0.0, "percent_covered_display": "0", "missing_lines": 34, "excluded_lines": 0}, "missing_lines": [144, 145, 148, 149, 151, 152, 153, 155, 156, 157, 158, 159, 160, 161, 164, 167, 168, 169, 171, 172, 173, 175, 176, 177, 180, 197, 202, 203, 206, 208, 216, 224, 225, 226], "excluded_lines": []}, "get_batch_status": {"executed_lines": [], "summary": {"covered_lines": 0, "num_statements": 17, "percent_covered": 0.0, "percent_covered_display": "0", "missing_lines": 17, "excluded_lines": 0}, "missing_lines": [257, 258, 263, 265, 266, 267, 272, 283, 284, 287, 300, 301, 304, 306, 313, 314, 315], "excluded_lines": []}, "": {"executed_lines": [], "summary": {"covered_lines": 0, "num_statements": 16, "percent_covered": 0.0, "percent_covered_display": "0", "missing_lines": 16, "excluded_lines": 0}, "missing_lines": [7, 8, 9, 11, 12, 13, 14, 15, 17, 19, 22, 23, 117, 118, 229, 230], "excluded_lines": []}}, "classes": {"": {"executed_lines": [], "summary": {"covered_lines": 0, "num_statements": 98, "percent_covered": 0.0, "percent_covered_display": "0", "missing_lines": 98, "excluded_lines": 0}, "missing_lines": [7, 8, 9, 11, 12, 13, 14, 15, 17, 19, 22, 23, 49, 50, 53, 54, 56, 57, 58, 59, 60, 61, 62, 63, 64, 67, 68, 69, 74, 81, 89, 90, 92, 93, 95, 96, 101, 102, 103, 105, 112, 113, 114, 117, 118, 144, 145, 148, 149, 151, 152, 153, 155, 156, 157, 158, 159, 160, 161, 164, 167, 168, 169, 171, 172, 173, 175, 176, 177, 180, 197, 202, 203, 206, 208, 216, 224, 225, 226, 229, 230, 257, 258, 263, 265, 266, 267, 272, 283, 284, 287, 300, 301, 304, 306, 313, 314, 315], "excluded_lines": []}}}, "deepr\\api\\routes\\results.py": {"executed_lines": [], "summary": {"covered_lines": 0, "num_statements": 92, "percent_covered": 0.0, "percent_covered_display": "0", "missing_lines": 92, "excluded_lines": 0}, "missing_lines": [3, 4, 5, 6, 8, 9, 11, 13, 16, 18, 19, 20, 21, 24, 25, 40, 41, 42, 43, 44, 45, 46, 47, 48, 49, 51, 54, 61, 68, 69, 70, 73, 74, 82, 83, 84, 86, 87, 89, 91, 92, 93, 96, 97, 108, 109, 110, 111, 113, 114, 116, 117, 120, 128, 135, 136, 139, 140, 152, 153, 154, 155, 157, 159, 161, 163, 169, 170, 173, 174, 187, 188, 189, 191, 192, 194, 195, 197, 198, 200, 202, 203, 206, 207, 215, 216, 217, 219, 220, 222, 224, 225], "excluded_lines": [], "functions": {"get_storage": {"executed_lines": [], "summary": {"covered_lines": 0, "num_statements": 4, "percent_covered": 0.0, "percent_covered_display": "0", "missing_lines": 4, "excluded_lines": 0}, "missing_lines": [18, 19, 20, 21], "excluded_lines": []}, "list_results": {"executed_lines": [], "summary": {"covered_lines": 0, "num_statements": 16, "percent_covered": 0.0, "percent_covered_display": "0", "missing_lines": 16, "excluded_lines": 0}, "missing_lines": [40, 41, 42, 43, 44, 45, 46, 47, 48, 49, 51, 54, 61, 68, 69, 70], "excluded_lines": []}, "get_result": {"executed_lines": [], "summary": {"covered_lines": 0, "num_statements": 9, "percent_covered": 0.0, "percent_covered_display": "0", "missing_lines": 9, "excluded_lines": 0}, "missing_lines": [82, 83, 84, 86, 87, 89, 91, 92, 93], "excluded_lines": []}, "download_result": {"executed_lines": [], "summary": {"covered_lines": 0, "num_statements": 12, "percent_covered": 0.0, "percent_covered_display": "0", "missing_lines": 12, "excluded_lines": 0}, "missing_lines": [108, 109, 110, 111, 113, 114, 116, 117, 120, 128, 135, 136], "excluded_lines": []}, "search_results": {"executed_lines": [], "summary": {"covered_lines": 0, "num_statements": 10, "percent_covered": 0.0, "percent_covered_display": "0", "missing_lines": 10, "excluded_lines": 0}, "missing_lines": [152, 153, 154, 155, 157, 159, 161, 163, 169, 170], "excluded_lines": []}, "add_tags": {"executed_lines": [], "summary": {"covered_lines": 0, "num_statements": 12, "percent_covered": 0.0, "percent_covered_display": "0", "missing_lines": 12, "excluded_lines": 0}, "missing_lines": [187, 188, 189, 191, 192, 194, 195, 197, 198, 200, 202, 203], "excluded_lines": []}, "remove_tag": {"executed_lines": [], "summary": {"covered_lines": 0, "num_statements": 8, "percent_covered": 0.0, "percent_covered_display": "0", "missing_lines": 8, "excluded_lines": 0}, "missing_lines": [215, 216, 217, 219, 220, 222, 224, 225], "excluded_lines": []}, "": {"executed_lines": [], "summary": {"covered_lines": 0, "num_statements": 21, "percent_covered": 0.0, "percent_covered_display": "0", "missing_lines": 21, "excluded_lines": 0}, "missing_lines": [3, 4, 5, 6, 8, 9, 11, 13, 16, 24, 25, 73, 74, 96, 97, 139, 140, 173, 174, 206, 207], "excluded_lines": []}}, "classes": {"": {"executed_lines": [], "summary": {"covered_lines": 0, "num_statements": 92, "percent_covered": 0.0, "percent_covered_display": "0", "missing_lines": 92, "excluded_lines": 0}, "missing_lines": [3, 4, 5, 6, 8, 9, 11, 13, 16, 18, 19, 20, 21, 24, 25, 40, 41, 42, 43, 44, 45, 46, 47, 48, 49, 51, 54, 61, 68, 69, 70, 73, 74, 82, 83, 84, 86, 87, 89, 91, 92, 93, 96, 97, 108, 109, 110, 111, 113, 114, 116, 117, 120, 128, 135, 136, 139, 140, 152, 153, 154, 155, 157, 159, 161, 163, 169, 170, 173, 174, 187, 188, 189, 191, 192, 194, 195, 197, 198, 200, 202, 203, 206, 207, 215, 216, 217, 219, 220, 222, 224, 225], "excluded_lines": []}}}, "deepr\\api\\websockets\\__init__.py": {"executed_lines": [], "summary": {"covered_lines": 0, "num_statements": 2, "percent_covered": 0.0, "percent_covered_display": "0", "missing_lines": 2, "excluded_lines": 0}, "missing_lines": [3, 5], "excluded_lines": [], "functions": {"": {"executed_lines": [], "summary": {"covered_lines": 0, "num_statements": 2, "percent_covered": 0.0, "percent_covered_display": "0", "missing_lines": 2, "excluded_lines": 0}, "missing_lines": [3, 5], "excluded_lines": []}}, "classes": {"": {"executed_lines": [], "summary": {"covered_lines": 0, "num_statements": 2, "percent_covered": 0.0, "percent_covered_display": "0", "missing_lines": 2, "excluded_lines": 0}, "missing_lines": [3, 5], "excluded_lines": []}}}, "deepr\\api\\websockets\\events.py": {"executed_lines": [], "summary": {"covered_lines": 0, "num_statements": 58, "percent_covered": 0.0, "percent_covered_display": "0", "missing_lines": 58, "excluded_lines": 0}, "missing_lines": [3, 4, 6, 9, 12, 13, 15, 16, 18, 19, 21, 23, 24, 32, 34, 35, 36, 37, 39, 40, 41, 42, 43, 44, 46, 47, 49, 51, 52, 53, 55, 56, 57, 58, 59, 62, 64, 65, 68, 70, 71, 72, 75, 77, 78, 79, 82, 84, 85, 86, 87, 88, 91, 93, 94, 97, 99, 100], "excluded_lines": [], "functions": {"register_socketio_events": {"executed_lines": [], "summary": {"covered_lines": 0, "num_statements": 8, "percent_covered": 0.0, "percent_covered_display": "0", "missing_lines": 8, "excluded_lines": 0}, "missing_lines": [12, 13, 18, 19, 23, 24, 46, 47], "excluded_lines": []}, "register_socketio_events.handle_connect": {"executed_lines": [], "summary": {"covered_lines": 0, "num_statements": 2, "percent_covered": 0.0, "percent_covered_display": "0", "missing_lines": 2, "excluded_lines": 0}, "missing_lines": [15, 16], "excluded_lines": []}, "register_socketio_events.handle_disconnect": {"executed_lines": [], "summary": {"covered_lines": 0, "num_statements": 1, "percent_covered": 0.0, "percent_covered_display": "0", "missing_lines": 1, "excluded_lines": 0}, "missing_lines": [21], "excluded_lines": []}, "register_socketio_events.handle_subscribe_jobs": {"executed_lines": [], "summary": {"covered_lines": 0, "num_statements": 11, "percent_covered": 0.0, "percent_covered_display": "0", "missing_lines": 11, "excluded_lines": 0}, "missing_lines": [32, 34, 35, 36, 37, 39, 40, 41, 42, 43, 44], "excluded_lines": []}, "register_socketio_events.handle_unsubscribe_jobs": {"executed_lines": [], "summary": {"covered_lines": 0, "num_statements": 9, "percent_covered": 0.0, "percent_covered_display": "0", "missing_lines": 9, "excluded_lines": 0}, "missing_lines": [49, 51, 52, 53, 55, 56, 57, 58, 59], "excluded_lines": []}, "emit_job_created": {"executed_lines": [], "summary": {"covered_lines": 0, "num_statements": 2, "percent_covered": 0.0, "percent_covered_display": "0", "missing_lines": 2, "excluded_lines": 0}, "missing_lines": [64, 65], "excluded_lines": []}, "emit_job_updated": {"executed_lines": [], "summary": {"covered_lines": 0, "num_statements": 3, "percent_covered": 0.0, "percent_covered_display": "0", "missing_lines": 3, "excluded_lines": 0}, "missing_lines": [70, 71, 72], "excluded_lines": []}, "emit_job_completed": {"executed_lines": [], "summary": {"covered_lines": 0, "num_statements": 3, "percent_covered": 0.0, "percent_covered_display": "0", "missing_lines": 3, "excluded_lines": 0}, "missing_lines": [77, 78, 79], "excluded_lines": []}, "emit_job_failed": {"executed_lines": [], "summary": {"covered_lines": 0, "num_statements": 5, "percent_covered": 0.0, "percent_covered_display": "0", "missing_lines": 5, "excluded_lines": 0}, "missing_lines": [84, 85, 86, 87, 88], "excluded_lines": []}, "emit_cost_warning": {"executed_lines": [], "summary": {"covered_lines": 0, "num_statements": 2, "percent_covered": 0.0, "percent_covered_display": "0", "missing_lines": 2, "excluded_lines": 0}, "missing_lines": [93, 94], "excluded_lines": []}, "emit_cost_exceeded": {"executed_lines": [], "summary": {"covered_lines": 0, "num_statements": 2, "percent_covered": 0.0, "percent_covered_display": "0", "missing_lines": 2, "excluded_lines": 0}, "missing_lines": [99, 100], "excluded_lines": []}, "": {"executed_lines": [], "summary": {"covered_lines": 0, "num_statements": 10, "percent_covered": 0.0, "percent_covered_display": "0", "missing_lines": 10, "excluded_lines": 0}, "missing_lines": [3, 4, 6, 9, 62, 68, 75, 82, 91, 97], "excluded_lines": []}}, "classes": {"": {"executed_lines": [], "summary": {"covered_lines": 0, "num_statements": 58, "percent_covered": 0.0, "percent_covered_display": "0", "missing_lines": 58, "excluded_lines": 0}, "missing_lines": [3, 4, 6, 9, 12, 13, 15, 16, 18, 19, 21, 23, 24, 32, 34, 35, 36, 37, 39, 40, 41, 42, 43, 44, 46, 47, 49, 51, 52, 53, 55, 56, 57, 58, 59, 62, 64, 65, 68, 70, 71, 72, 75, 77, 78, 79, 82, 84, 85, 86, 87, 88, 91, 93, 94, 97, 99, 100], "excluded_lines": []}}}, "deepr\\branding.py": {"executed_lines": [1, 13, 15, 29, 41, 49, 64, 80, 90, 95, 103, 106, 111, 116, 119, 124, 129, 130, 131, 132, 133, 137, 138, 139, 141, 143, 144, 145, 146, 147], "summary": {"covered_lines": 29, "num_statements": 31, "percent_covered": 93.54838709677419, "percent_covered_display": "94", "missing_lines": 2, "excluded_lines": 0}, "missing_lines": [148, 149], "excluded_lines": [], "functions": {"print_banner": {"executed_lines": [90, 95, 103], "summary": {"covered_lines": 3, "num_statements": 3, "percent_covered": 100.0, "percent_covered_display": "100", "missing_lines": 0, "excluded_lines": 0}, "missing_lines": [], "excluded_lines": []}, "print_separator": {"executed_lines": [111, 116], "summary": {"covered_lines": 2, "num_statements": 2, "percent_covered": 100.0, "percent_covered_display": "100", "missing_lines": 0, "excluded_lines": 0}, "missing_lines": [], "excluded_lines": []}, "print_section_header": {"executed_lines": [124, 129, 130, 131, 132, 133], "summary": {"covered_lines": 6, "num_statements": 6, "percent_covered": 100.0, "percent_covered_display": "100", "missing_lines": 0, "excluded_lines": 0}, "missing_lines": [], "excluded_lines": []}, "": {"executed_lines": [1, 13, 15, 29, 41, 49, 64, 80, 106, 119, 137, 138, 139, 141, 143, 144, 145, 146, 147], "summary": {"covered_lines": 18, "num_statements": 20, "percent_covered": 90.0, "percent_covered_display": "90", "missing_lines": 2, "excluded_lines": 0}, "missing_lines": [148, 149], "excluded_lines": []}}, "classes": {"": {"executed_lines": [1, 13, 15, 29, 41, 49, 64, 80, 90, 95, 103, 106, 111, 116, 119, 124, 129, 130, 131, 132, 133, 137, 138, 139, 141, 143, 144, 145, 146, 147], "summary": {"covered_lines": 29, "num_statements": 31, "percent_covered": 93.54838709677419, "percent_covered_display": "94", "missing_lines": 2, "excluded_lines": 0}, "missing_lines": [148, 149], "excluded_lines": []}}}, "deepr\\cli\\__init__.py": {"executed_lines": [1, 3, 5], "summary": {"covered_lines": 2, "num_statements": 2, "percent_covered": 100.0, "percent_covered_display": "100", "missing_lines": 0, "excluded_lines": 0}, "missing_lines": [], "excluded_lines": [], "functions": {"": {"executed_lines": [1, 3, 5], "summary": {"covered_lines": 2, "num_statements": 2, "percent_covered": 100.0, "percent_covered_display": "100", "missing_lines": 0, "excluded_lines": 0}, "missing_lines": [], "excluded_lines": []}}, "classes": {"": {"executed_lines": [1, 3, 5], "summary": {"covered_lines": 2, "num_statements": 2, "percent_covered": 100.0, "percent_covered_display": "100", "missing_lines": 0, "excluded_lines": 0}, "missing_lines": [], "excluded_lines": []}}}, "deepr\\cli\\colors.py": {"executed_lines": [1, 7, 8, 9, 11, 12, 13, 14, 15, 16, 17, 18, 21, 28, 31, 34, 42, 55, 68, 71, 80, 81, 84, 100, 103, 105, 106, 107, 110, 112, 115, 117, 120, 125, 130, 135, 140, 153, 180, 189, 190, 191, 192, 193, 196, 209, 221, 231, 232, 234, 235, 238, 239, 243, 244, 246, 248, 251, 261, 262, 264, 267, 268, 270, 275, 276, 280, 318, 324, 329, 338, 352, 357, 362, 367, 372, 377, 383, 396, 397, 398, 400, 403, 411, 412, 415, 422, 423, 424, 427], "summary": {"covered_lines": 89, "num_statements": 160, "percent_covered": 55.625, "percent_covered_display": "56", "missing_lines": 71, "excluded_lines": 0}, "missing_lines": [29, 37, 38, 122, 127, 132, 137, 142, 143, 144, 145, 146, 147, 148, 150, 164, 166, 168, 169, 170, 171, 172, 174, 175, 177, 206, 211, 212, 218, 240, 272, 277, 282, 283, 284, 285, 286, 287, 289, 291, 292, 293, 294, 295, 296, 297, 299, 302, 305, 307, 315, 320, 321, 326, 331, 340, 341, 348, 354, 359, 364, 369, 374, 379, 399, 440, 442, 443, 444, 446, 447], "excluded_lines": [], "functions": {"_detect_unicode_support": {"executed_lines": [28, 31, 34], "summary": {"covered_lines": 3, "num_statements": 6, "percent_covered": 50.0, "percent_covered_display": "50", "missing_lines": 3, "excluded_lines": 0}, "missing_lines": [29, 37, 38], "excluded_lines": []}, "get_symbol": {"executed_lines": [80, 81], "summary": {"covered_lines": 2, "num_statements": 2, "percent_covered": 100.0, "percent_covered_display": "100", "missing_lines": 0, "excluded_lines": 0}, "missing_lines": [], "excluded_lines": []}, "print_header": {"executed_lines": [105, 106, 107], "summary": {"covered_lines": 3, "num_statements": 3, "percent_covered": 100.0, "percent_covered_display": "100", "missing_lines": 0, "excluded_lines": 0}, "missing_lines": [], "excluded_lines": []}, "print_success": {"executed_lines": [112], "summary": {"covered_lines": 1, "num_statements": 1, "percent_covered": 100.0, "percent_covered_display": "100", "missing_lines": 0, "excluded_lines": 0}, "missing_lines": [], "excluded_lines": []}, "print_error": {"executed_lines": [117], "summary": {"covered_lines": 1, "num_statements": 1, "percent_covered": 100.0, "percent_covered_display": "100", "missing_lines": 0, "excluded_lines": 0}, "missing_lines": [], "excluded_lines": []}, "print_warning": {"executed_lines": [], "summary": {"covered_lines": 0, "num_statements": 1, "percent_covered": 0.0, "percent_covered_display": "0", "missing_lines": 1, "excluded_lines": 0}, "missing_lines": [122], "excluded_lines": []}, "print_info": {"executed_lines": [], "summary": {"covered_lines": 0, "num_statements": 1, "percent_covered": 0.0, "percent_covered_display": "0", "missing_lines": 1, "excluded_lines": 0}, "missing_lines": [127], "excluded_lines": []}, "print_command": {"executed_lines": [], "summary": {"covered_lines": 0, "num_statements": 1, "percent_covered": 0.0, "percent_covered_display": "0", "missing_lines": 1, "excluded_lines": 0}, "missing_lines": [132], "excluded_lines": []}, "print_cost": {"executed_lines": [], "summary": {"covered_lines": 0, "num_statements": 1, "percent_covered": 0.0, "percent_covered_display": "0", "missing_lines": 1, "excluded_lines": 0}, "missing_lines": [137], "excluded_lines": []}, "print_status": {"executed_lines": [], "summary": {"covered_lines": 0, "num_statements": 8, "percent_covered": 0.0, "percent_covered_display": "0", "missing_lines": 8, "excluded_lines": 0}, "missing_lines": [142, 143, 144, 145, 146, 147, 148, 150], "excluded_lines": []}, "print_result": {"executed_lines": [], "summary": {"covered_lines": 0, "num_statements": 10, "percent_covered": 0.0, "percent_covered_display": "0", "missing_lines": 10, "excluded_lines": 0}, "missing_lines": [164, 166, 168, 169, 170, 171, 172, 174, 175, 177], "excluded_lines": []}, "_format_duration": {"executed_lines": [189, 190, 191, 192, 193], "summary": {"covered_lines": 5, "num_statements": 5, "percent_covered": 100.0, "percent_covered_display": "100", "missing_lines": 0, "excluded_lines": 0}, "missing_lines": [], "excluded_lines": []}, "print_step": {"executed_lines": [], "summary": {"covered_lines": 0, "num_statements": 1, "percent_covered": 0.0, "percent_covered_display": "0", "missing_lines": 1, "excluded_lines": 0}, "missing_lines": [206], "excluded_lines": []}, "print_deprecation": {"executed_lines": [], "summary": {"covered_lines": 0, "num_statements": 3, "percent_covered": 0.0, "percent_covered_display": "0", "missing_lines": 3, "excluded_lines": 0}, "missing_lines": [211, 212, 218], "excluded_lines": []}, "truncate_text": {"executed_lines": [231, 232, 234, 235, 238, 239, 243, 244, 246, 248], "summary": {"covered_lines": 10, "num_statements": 11, "percent_covered": 90.9090909090909, "percent_covered_display": "91", "missing_lines": 1, "excluded_lines": 0}, "missing_lines": [240], "excluded_lines": []}, "truncate_path": {"executed_lines": [261, 262, 264, 267, 268, 270, 275, 276], "summary": {"covered_lines": 8, "num_statements": 10, "percent_covered": 80.0, "percent_covered_display": "80", "missing_lines": 2, "excluded_lines": 0}, "missing_lines": [272, 277], "excluded_lines": []}, "print_job_table": {"executed_lines": [], "summary": {"covered_lines": 0, "num_statements": 19, "percent_covered": 0.0, "percent_covered_display": "0", "missing_lines": 19, "excluded_lines": 0}, "missing_lines": [282, 283, 284, 285, 286, 287, 289, 291, 292, 293, 294, 295, 296, 297, 299, 302, 305, 307, 315], "excluded_lines": []}, "print_markdown": {"executed_lines": [], "summary": {"covered_lines": 0, "num_statements": 2, "percent_covered": 0.0, "percent_covered_display": "0", "missing_lines": 2, "excluded_lines": 0}, "missing_lines": [320, 321], "excluded_lines": []}, "print_panel": {"executed_lines": [], "summary": {"covered_lines": 0, "num_statements": 1, "percent_covered": 0.0, "percent_covered_display": "0", "missing_lines": 1, "excluded_lines": 0}, "missing_lines": [326], "excluded_lines": []}, "create_spinner": {"executed_lines": [], "summary": {"covered_lines": 0, "num_statements": 1, "percent_covered": 0.0, "percent_covered_display": "0", "missing_lines": 1, "excluded_lines": 0}, "missing_lines": [331], "excluded_lines": []}, "print_provider_info": {"executed_lines": [], "summary": {"covered_lines": 0, "num_statements": 3, "percent_covered": 0.0, "percent_covered_display": "0", "missing_lines": 3, "excluded_lines": 0}, "missing_lines": [340, 341, 348], "excluded_lines": []}, "style_success": {"executed_lines": [], "summary": {"covered_lines": 0, "num_statements": 1, "percent_covered": 0.0, "percent_covered_display": "0", "missing_lines": 1, "excluded_lines": 0}, "missing_lines": [354], "excluded_lines": []}, "style_error": {"executed_lines": [], "summary": {"covered_lines": 0, "num_statements": 1, "percent_covered": 0.0, "percent_covered_display": "0", "missing_lines": 1, "excluded_lines": 0}, "missing_lines": [359], "excluded_lines": []}, "style_warning": {"executed_lines": [], "summary": {"covered_lines": 0, "num_statements": 1, "percent_covered": 0.0, "percent_covered_display": "0", "missing_lines": 1, "excluded_lines": 0}, "missing_lines": [364], "excluded_lines": []}, "style_info": {"executed_lines": [], "summary": {"covered_lines": 0, "num_statements": 1, "percent_covered": 0.0, "percent_covered_display": "0", "missing_lines": 1, "excluded_lines": 0}, "missing_lines": [369], "excluded_lines": []}, "style_dim": {"executed_lines": [], "summary": {"covered_lines": 0, "num_statements": 1, "percent_covered": 0.0, "percent_covered_display": "0", "missing_lines": 1, "excluded_lines": 0}, "missing_lines": [374], "excluded_lines": []}, "style_command": {"executed_lines": [], "summary": {"covered_lines": 0, "num_statements": 1, "percent_covered": 0.0, "percent_covered_display": "0", "missing_lines": 1, "excluded_lines": 0}, "missing_lines": [379], "excluded_lines": []}, "print_section_header": {"executed_lines": [396, 397, 398, 400], "summary": {"covered_lines": 4, "num_statements": 5, "percent_covered": 80.0, "percent_covered_display": "80", "missing_lines": 1, "excluded_lines": 0}, "missing_lines": [399], "excluded_lines": []}, "print_key_value": {"executed_lines": [411, 412], "summary": {"covered_lines": 2, "num_statements": 2, "percent_covered": 100.0, "percent_covered_display": "100", "missing_lines": 0, "excluded_lines": 0}, "missing_lines": [], "excluded_lines": []}, "print_list_item": {"executed_lines": [422, 423, 424], "summary": {"covered_lines": 3, "num_statements": 3, "percent_covered": 100.0, "percent_covered_display": "100", "missing_lines": 0, "excluded_lines": 0}, "missing_lines": [], "excluded_lines": []}, "print_error_with_suggestion": {"executed_lines": [], "summary": {"covered_lines": 0, "num_statements": 6, "percent_covered": 0.0, "percent_covered_display": "0", "missing_lines": 6, "excluded_lines": 0}, "missing_lines": [440, 442, 443, 444, 446, 447], "excluded_lines": []}, "": {"executed_lines": [1, 7, 8, 9, 11, 12, 13, 14, 15, 16, 17, 18, 21, 42, 55, 68, 71, 84, 100, 103, 110, 115, 120, 125, 130, 135, 140, 153, 180, 196, 209, 221, 251, 280, 318, 324, 329, 338, 352, 357, 362, 367, 372, 377, 383, 403, 415, 427], "summary": {"covered_lines": 47, "num_statements": 47, "percent_covered": 100.0, "percent_covered_display": "100", "missing_lines": 0, "excluded_lines": 0}, "missing_lines": [], "excluded_lines": []}}, "classes": {"": {"executed_lines": [1, 7, 8, 9, 11, 12, 13, 14, 15, 16, 17, 18, 21, 28, 31, 34, 42, 55, 68, 71, 80, 81, 84, 100, 103, 105, 106, 107, 110, 112, 115, 117, 120, 125, 130, 135, 140, 153, 180, 189, 190, 191, 192, 193, 196, 209, 221, 231, 232, 234, 235, 238, 239, 243, 244, 246, 248, 251, 261, 262, 264, 267, 268, 270, 275, 276, 280, 318, 324, 329, 338, 352, 357, 362, 367, 372, 377, 383, 396, 397, 398, 400, 403, 411, 412, 415, 422, 423, 424, 427], "summary": {"covered_lines": 89, "num_statements": 160, "percent_covered": 55.625, "percent_covered_display": "56", "missing_lines": 71, "excluded_lines": 0}, "missing_lines": [29, 37, 38, 122, 127, 132, 137, 142, 143, 144, 145, 146, 147, 148, 150, 164, 166, 168, 169, 170, 171, 172, 174, 175, 177, 206, 211, 212, 218, 240, 272, 277, 282, 283, 284, 285, 286, 287, 289, 291, 292, 293, 294, 295, 296, 297, 299, 302, 305, 307, 315, 320, 321, 326, 331, 340, 341, 348, 354, 359, 364, 369, 374, 379, 399, 440, 442, 443, 444, 446, 447], "excluded_lines": []}}}, "deepr\\cli\\main.py": {"executed_lines": [1, 17, 18, 19, 21, 24, 25, 26, 32, 36, 39, 40, 43, 44, 45, 46, 47, 48, 49, 52, 53, 54, 55, 58, 59, 60, 63, 64, 65, 66, 67, 68, 69, 70, 71, 72, 73, 74, 75, 76, 77, 78, 81, 86], "summary": {"covered_lines": 42, "num_statements": 43, "percent_covered": 97.67441860465117, "percent_covered_display": "98", "missing_lines": 1, "excluded_lines": 2}, "missing_lines": [83], "excluded_lines": [86, 87], "functions": {"cli": {"executed_lines": [32], "summary": {"covered_lines": 1, "num_statements": 1, "percent_covered": 100.0, "percent_covered_display": "100", "missing_lines": 0, "excluded_lines": 0}, "missing_lines": [], "excluded_lines": []}, "main": {"executed_lines": [], "summary": {"covered_lines": 0, "num_statements": 1, "percent_covered": 0.0, "percent_covered_display": "0", "missing_lines": 1, "excluded_lines": 0}, "missing_lines": [83], "excluded_lines": []}, "": {"executed_lines": [1, 17, 18, 19, 21, 24, 25, 26, 36, 39, 40, 43, 44, 45, 46, 47, 48, 49, 52, 53, 54, 55, 58, 59, 60, 63, 64, 65, 66, 67, 68, 69, 70, 71, 72, 73, 74, 75, 76, 77, 78, 81, 86], "summary": {"covered_lines": 41, "num_statements": 41, "percent_covered": 100.0, "percent_covered_display": "100", "missing_lines": 0, "excluded_lines": 2}, "missing_lines": [], "excluded_lines": [86, 87]}}, "classes": {"": {"executed_lines": [1, 17, 18, 19, 21, 24, 25, 26, 32, 36, 39, 40, 43, 44, 45, 46, 47, 48, 49, 52, 53, 54, 55, 58, 59, 60, 63, 64, 65, 66, 67, 68, 69, 70, 71, 72, 73, 74, 75, 76, 77, 78, 81, 86], "summary": {"covered_lines": 42, "num_statements": 43, "percent_covered": 97.67441860465117, "percent_covered_display": "98", "missing_lines": 1, "excluded_lines": 2}, "missing_lines": [83], "excluded_lines": [86, 87]}}}, "deepr\\cli\\output.py": {"executed_lines": [1, 18, 19, 20, 21, 22, 23, 24, 25, 27, 28, 29, 32, 33, 34, 35, 36, 37, 40, 41, 42, 45, 46, 47, 54, 55, 56, 58, 60, 61, 63, 64, 84, 85, 86, 87, 88, 89, 90, 92, 93, 98, 99, 100, 101, 102, 103, 106, 107, 109, 111, 114, 115, 116, 127, 128, 129, 130, 131, 132, 133, 135, 141, 142, 150, 156, 159, 180, 182, 183, 184, 185, 186, 187, 189, 190, 191, 194, 206, 207, 210, 211, 212, 213, 216, 217, 218, 219, 222, 223, 224, 226, 229, 248, 251, 264, 265, 269, 270, 288, 294, 295, 296, 297, 298, 300, 306, 308, 315, 316, 317, 319, 325, 326, 329, 335, 336, 338, 345, 349, 350, 351, 352, 353, 354, 356, 358, 360, 361, 362, 363, 365, 366, 367, 371, 375, 377, 378, 379, 380, 381, 382, 383, 384, 385, 386, 387, 388, 390, 391, 392, 393, 394, 395, 397, 400, 402, 404, 405, 407, 415, 419, 420, 427, 428, 429, 431, 435, 438, 451, 456, 461, 466, 467, 468, 469, 474, 475, 477, 479], "summary": {"covered_lines": 174, "num_statements": 178, "percent_covered": 97.75280898876404, "percent_covered_display": "98", "missing_lines": 4, "excluded_lines": 0}, "missing_lines": [346, 347, 416, 417], "excluded_lines": [], "functions": {"OutputContext.__post_init__": {"executed_lines": [60, 61], "summary": {"covered_lines": 2, "num_statements": 2, "percent_covered": 100.0, "percent_covered_display": "100", "missing_lines": 0, "excluded_lines": 0}, "missing_lines": [], "excluded_lines": []}, "OutputContext.from_flags": {"executed_lines": [84, 85, 86, 87, 88, 89, 90, 92, 93, 98, 99, 100, 101, 102, 103, 106, 107, 109, 111], "summary": {"covered_lines": 19, "num_statements": 19, "percent_covered": 100.0, "percent_covered_display": "100", "missing_lines": 0, "excluded_lines": 0}, "missing_lines": [], "excluded_lines": []}, "OperationResult.to_json": {"executed_lines": [141, 142, 150, 156], "summary": {"covered_lines": 4, "num_statements": 4, "percent_covered": 100.0, "percent_covered_display": "100", "missing_lines": 0, "excluded_lines": 0}, "missing_lines": [], "excluded_lines": []}, "format_duration": {"executed_lines": [180, 182, 183, 184, 185, 186, 187, 189, 190, 191], "summary": {"covered_lines": 10, "num_statements": 10, "percent_covered": 100.0, "percent_covered_display": "100", "missing_lines": 0, "excluded_lines": 0}, "missing_lines": [], "excluded_lines": []}, "parse_duration": {"executed_lines": [206, 207, 210, 211, 212, 213, 216, 217, 218, 219, 222, 223, 224, 226], "summary": {"covered_lines": 14, "num_statements": 14, "percent_covered": 100.0, "percent_covered_display": "100", "missing_lines": 0, "excluded_lines": 0}, "missing_lines": [], "excluded_lines": []}, "format_cost": {"executed_lines": [248], "summary": {"covered_lines": 1, "num_statements": 1, "percent_covered": 100.0, "percent_covered_display": "100", "missing_lines": 0, "excluded_lines": 0}, "missing_lines": [], "excluded_lines": []}, "parse_cost": {"executed_lines": [264, 265], "summary": {"covered_lines": 2, "num_statements": 2, "percent_covered": 100.0, "percent_covered_display": "100", "missing_lines": 0, "excluded_lines": 0}, "missing_lines": [], "excluded_lines": []}, "OutputFormatter.__init__": {"executed_lines": [294, 295, 296, 297, 298], "summary": {"covered_lines": 5, "num_statements": 5, "percent_covered": 100.0, "percent_covered_display": "100", "missing_lines": 0, "excluded_lines": 0}, "missing_lines": [], "excluded_lines": []}, "OutputFormatter.start_operation": {"executed_lines": [306, 308, 315, 316, 317, 319, 325, 326], "summary": {"covered_lines": 8, "num_statements": 8, "percent_covered": 100.0, "percent_covered_display": "100", "missing_lines": 0, "excluded_lines": 0}, "missing_lines": [], "excluded_lines": []}, "OutputFormatter.progress": {"executed_lines": [335, 336], "summary": {"covered_lines": 2, "num_statements": 2, "percent_covered": 100.0, "percent_covered_display": "100", "missing_lines": 0, "excluded_lines": 0}, "missing_lines": [], "excluded_lines": []}, "OutputFormatter.complete": {"executed_lines": [345, 349, 350, 351, 352, 353, 354, 356], "summary": {"covered_lines": 8, "num_statements": 10, "percent_covered": 80.0, "percent_covered_display": "80", "missing_lines": 2, "excluded_lines": 0}, "missing_lines": [346, 347], "excluded_lines": []}, "OutputFormatter._complete_minimal": {"executed_lines": [360, 361, 362, 363, 365, 366, 367, 371], "summary": {"covered_lines": 8, "num_statements": 8, "percent_covered": 100.0, "percent_covered_display": "100", "missing_lines": 0, "excluded_lines": 0}, "missing_lines": [], "excluded_lines": []}, "OutputFormatter._complete_verbose": {"executed_lines": [377, 378, 379, 380, 381, 382, 383, 384, 385, 386, 387, 388, 390, 391, 392, 393, 394, 395], "summary": {"covered_lines": 18, "num_statements": 18, "percent_covered": 100.0, "percent_covered_display": "100", "missing_lines": 0, "excluded_lines": 0}, "missing_lines": [], "excluded_lines": []}, "OutputFormatter._complete_json": {"executed_lines": [400], "summary": {"covered_lines": 1, "num_statements": 1, "percent_covered": 100.0, "percent_covered_display": "100", "missing_lines": 0, "excluded_lines": 0}, "missing_lines": [], "excluded_lines": []}, "OutputFormatter._complete_quiet": {"executed_lines": [404, 405], "summary": {"covered_lines": 2, "num_statements": 2, "percent_covered": 100.0, "percent_covered_display": "100", "missing_lines": 0, "excluded_lines": 0}, "missing_lines": [], "excluded_lines": []}, "OutputFormatter.error": {"executed_lines": [415, 419, 420, 427, 428, 429, 431], "summary": {"covered_lines": 7, "num_statements": 9, "percent_covered": 77.77777777777777, "percent_covered_display": "78", "missing_lines": 2, "excluded_lines": 0}, "missing_lines": [416, 417], "excluded_lines": []}, "output_options": {"executed_lines": [451, 456, 461, 466, 467, 479], "summary": {"covered_lines": 6, "num_statements": 6, "percent_covered": 100.0, "percent_covered_display": "100", "missing_lines": 0, "excluded_lines": 0}, "missing_lines": [], "excluded_lines": []}, "output_options.wrapper": {"executed_lines": [468, 469, 474, 475, 477], "summary": {"covered_lines": 5, "num_statements": 5, "percent_covered": 100.0, "percent_covered_display": "100", "missing_lines": 0, "excluded_lines": 0}, "missing_lines": [], "excluded_lines": []}, "": {"executed_lines": [1, 18, 19, 20, 21, 22, 23, 24, 25, 27, 28, 29, 32, 33, 34, 35, 36, 37, 40, 41, 42, 45, 46, 47, 54, 55, 56, 58, 63, 64, 114, 115, 116, 127, 128, 129, 130, 131, 132, 133, 135, 159, 194, 229, 251, 269, 270, 288, 300, 329, 338, 358, 375, 397, 402, 407, 435, 438], "summary": {"covered_lines": 52, "num_statements": 52, "percent_covered": 100.0, "percent_covered_display": "100", "missing_lines": 0, "excluded_lines": 0}, "missing_lines": [], "excluded_lines": []}}, "classes": {"OutputMode": {"executed_lines": [], "summary": {"covered_lines": 0, "num_statements": 0, "percent_covered": 100.0, "percent_covered_display": "100", "missing_lines": 0, "excluded_lines": 0}, "missing_lines": [], "excluded_lines": []}, "OutputModeConflictError": {"executed_lines": [], "summary": {"covered_lines": 0, "num_statements": 0, "percent_covered": 100.0, "percent_covered_display": "100", "missing_lines": 0, "excluded_lines": 0}, "missing_lines": [], "excluded_lines": []}, "OutputContext": {"executed_lines": [60, 61, 84, 85, 86, 87, 88, 89, 90, 92, 93, 98, 99, 100, 101, 102, 103, 106, 107, 109, 111], "summary": {"covered_lines": 21, "num_statements": 21, "percent_covered": 100.0, "percent_covered_display": "100", "missing_lines": 0, "excluded_lines": 0}, "missing_lines": [], "excluded_lines": []}, "OperationResult": {"executed_lines": [141, 142, 150, 156], "summary": {"covered_lines": 4, "num_statements": 4, "percent_covered": 100.0, "percent_covered_display": "100", "missing_lines": 0, "excluded_lines": 0}, "missing_lines": [], "excluded_lines": []}, "OutputFormatter": {"executed_lines": [294, 295, 296, 297, 298, 306, 308, 315, 316, 317, 319, 325, 326, 335, 336, 345, 349, 350, 351, 352, 353, 354, 356, 360, 361, 362, 363, 365, 366, 367, 371, 377, 378, 379, 380, 381, 382, 383, 384, 385, 386, 387, 388, 390, 391, 392, 393, 394, 395, 400, 404, 405, 415, 419, 420, 427, 428, 429, 431], "summary": {"covered_lines": 59, "num_statements": 63, "percent_covered": 93.65079365079364, "percent_covered_display": "94", "missing_lines": 4, "excluded_lines": 0}, "missing_lines": [346, 347, 416, 417], "excluded_lines": []}, "": {"executed_lines": [1, 18, 19, 20, 21, 22, 23, 24, 25, 27, 28, 29, 32, 33, 34, 35, 36, 37, 40, 41, 42, 45, 46, 47, 54, 55, 56, 58, 63, 64, 114, 115, 116, 127, 128, 129, 130, 131, 132, 133, 135, 159, 180, 182, 183, 184, 185, 186, 187, 189, 190, 191, 194, 206, 207, 210, 211, 212, 213, 216, 217, 218, 219, 222, 223, 224, 226, 229, 248, 251, 264, 265, 269, 270, 288, 300, 329, 338, 358, 375, 397, 402, 407, 435, 438, 451, 456, 461, 466, 467, 468, 469, 474, 475, 477, 479], "summary": {"covered_lines": 90, "num_statements": 90, "percent_covered": 100.0, "percent_covered_display": "100", "missing_lines": 0, "excluded_lines": 0}, "missing_lines": [], "excluded_lines": []}}}, "deepr\\cli\\progress.py": {"executed_lines": [], "summary": {"covered_lines": 0, "num_statements": 51, "percent_covered": 0.0, "percent_covered_display": "0", "missing_lines": 51, "excluded_lines": 0}, "missing_lines": [10, 11, 12, 13, 14, 16, 19, 33, 35, 36, 37, 38, 40, 41, 50, 51, 52, 54, 61, 63, 64, 66, 67, 69, 76, 78, 79, 81, 87, 89, 94, 95, 96, 98, 100, 101, 102, 103, 105, 111, 113, 119, 123, 126, 133, 136, 138, 141, 143, 146, 148], "excluded_lines": [], "functions": {"ProgressFeedback.__init__": {"executed_lines": [], "summary": {"covered_lines": 0, "num_statements": 3, "percent_covered": 0.0, "percent_covered_display": "0", "missing_lines": 3, "excluded_lines": 0}, "missing_lines": [36, 37, 38], "excluded_lines": []}, "ProgressFeedback.operation": {"executed_lines": [], "summary": {"covered_lines": 0, "num_statements": 9, "percent_covered": 0.0, "percent_covered_display": "0", "missing_lines": 9, "excluded_lines": 0}, "missing_lines": [50, 51, 52, 54, 61, 63, 64, 66, 67], "excluded_lines": []}, "ProgressFeedback.phase_complete": {"executed_lines": [], "summary": {"covered_lines": 0, "num_statements": 3, "percent_covered": 0.0, "percent_covered_display": "0", "missing_lines": 3, "excluded_lines": 0}, "missing_lines": [76, 78, 79], "excluded_lines": []}, "ProgressFeedback.phase_error": {"executed_lines": [], "summary": {"covered_lines": 0, "num_statements": 1, "percent_covered": 0.0, "percent_covered_display": "0", "missing_lines": 1, "excluded_lines": 0}, "missing_lines": [87], "excluded_lines": []}, "ProgressFeedback.long_operation_warning": {"executed_lines": [], "summary": {"covered_lines": 0, "num_statements": 3, "percent_covered": 0.0, "percent_covered_display": "0", "missing_lines": 3, "excluded_lines": 0}, "missing_lines": [94, 95, 96], "excluded_lines": []}, "ProgressFeedback.check_long_operation": {"executed_lines": [], "summary": {"covered_lines": 0, "num_statements": 4, "percent_covered": 0.0, "percent_covered_display": "0", "missing_lines": 4, "excluded_lines": 0}, "missing_lines": [100, 101, 102, 103], "excluded_lines": []}, "ProgressFeedback.status": {"executed_lines": [], "summary": {"covered_lines": 0, "num_statements": 1, "percent_covered": 0.0, "percent_covered_display": "0", "missing_lines": 1, "excluded_lines": 0}, "missing_lines": [111], "excluded_lines": []}, "ProgressFeedback.info": {"executed_lines": [], "summary": {"covered_lines": 0, "num_statements": 1, "percent_covered": 0.0, "percent_covered_display": "0", "missing_lines": 1, "excluded_lines": 0}, "missing_lines": [119], "excluded_lines": []}, "with_progress": {"executed_lines": [], "summary": {"covered_lines": 0, "num_statements": 1, "percent_covered": 0.0, "percent_covered_display": "0", "missing_lines": 1, "excluded_lines": 0}, "missing_lines": [133], "excluded_lines": []}, "complete": {"executed_lines": [], "summary": {"covered_lines": 0, "num_statements": 1, "percent_covered": 0.0, "percent_covered_display": "0", "missing_lines": 1, "excluded_lines": 0}, "missing_lines": [138], "excluded_lines": []}, "error": {"executed_lines": [], "summary": {"covered_lines": 0, "num_statements": 1, "percent_covered": 0.0, "percent_covered_display": "0", "missing_lines": 1, "excluded_lines": 0}, "missing_lines": [143], "excluded_lines": []}, "status": {"executed_lines": [], "summary": {"covered_lines": 0, "num_statements": 1, "percent_covered": 0.0, "percent_covered_display": "0", "missing_lines": 1, "excluded_lines": 0}, "missing_lines": [148], "excluded_lines": []}, "": {"executed_lines": [], "summary": {"covered_lines": 0, "num_statements": 22, "percent_covered": 0.0, "percent_covered_display": "0", "missing_lines": 22, "excluded_lines": 0}, "missing_lines": [10, 11, 12, 13, 14, 16, 19, 33, 35, 40, 41, 69, 81, 89, 98, 105, 113, 123, 126, 136, 141, 146], "excluded_lines": []}}, "classes": {"ProgressFeedback": {"executed_lines": [], "summary": {"covered_lines": 0, "num_statements": 25, "percent_covered": 0.0, "percent_covered_display": "0", "missing_lines": 25, "excluded_lines": 0}, "missing_lines": [36, 37, 38, 50, 51, 52, 54, 61, 63, 64, 66, 67, 76, 78, 79, 87, 94, 95, 96, 100, 101, 102, 103, 111, 119], "excluded_lines": []}, "": {"executed_lines": [], "summary": {"covered_lines": 0, "num_statements": 26, "percent_covered": 0.0, "percent_covered_display": "0", "missing_lines": 26, "excluded_lines": 0}, "missing_lines": [10, 11, 12, 13, 14, 16, 19, 33, 35, 40, 41, 69, 81, 89, 98, 105, 113, 123, 126, 133, 136, 138, 141, 143, 146, 148], "excluded_lines": []}}}, "deepr\\cli\\ui.py": {"executed_lines": [], "summary": {"covered_lines": 0, "num_statements": 141, "percent_covered": 0.0, "percent_covered_display": "0", "missing_lines": 141, "excluded_lines": 0}, "missing_lines": [10, 11, 12, 13, 14, 16, 17, 18, 19, 20, 21, 25, 27, 29, 32, 34, 35, 36, 39, 52, 55, 61, 62, 65, 72, 73, 74, 76, 77, 80, 83, 94, 95, 96, 97, 98, 99, 101, 104, 109, 116, 117, 118, 121, 127, 128, 131, 138, 141, 142, 144, 147, 154, 157, 159, 162, 170, 171, 172, 175, 185, 186, 189, 190, 191, 194, 201, 202, 205, 207, 208, 210, 212, 213, 216, 222, 223, 226, 240, 241, 242, 243, 244, 245, 246, 247, 248, 251, 253, 264, 267, 295, 296, 297, 298, 299, 300, 301, 302, 305, 306, 307, 308, 310, 311, 312, 313, 315, 318, 324, 325, 326, 328, 329, 330, 332, 333, 334, 336, 338, 339, 340, 341, 342, 343, 345, 346, 347, 348, 349, 350, 351, 352, 353, 355, 356, 357, 358, 359, 360, 362], "excluded_lines": [], "functions": {"classify_query_complexity": {"executed_lines": [], "summary": {"covered_lines": 0, "num_statements": 11, "percent_covered": 0.0, "percent_covered_display": "0", "missing_lines": 11, "excluded_lines": 0}, "missing_lines": [52, 55, 61, 62, 65, 72, 73, 74, 76, 77, 80], "excluded_lines": []}, "print_welcome": {"executed_lines": [], "summary": {"covered_lines": 0, "num_statements": 12, "percent_covered": 0.0, "percent_covered_display": "0", "missing_lines": 12, "excluded_lines": 0}, "missing_lines": [94, 95, 96, 97, 98, 99, 101, 104, 109, 116, 117, 118], "excluded_lines": []}, "print_user_input": {"executed_lines": [], "summary": {"covered_lines": 0, "num_statements": 2, "percent_covered": 0.0, "percent_covered_display": "0", "missing_lines": 2, "excluded_lines": 0}, "missing_lines": [127, 128], "excluded_lines": []}, "print_thinking": {"executed_lines": [], "summary": {"covered_lines": 0, "num_statements": 4, "percent_covered": 0.0, "percent_covered_display": "0", "missing_lines": 4, "excluded_lines": 0}, "missing_lines": [138, 141, 142, 144], "excluded_lines": []}, "print_tool_use": {"executed_lines": [], "summary": {"covered_lines": 0, "num_statements": 1, "percent_covered": 0.0, "percent_covered_display": "0", "missing_lines": 1, "excluded_lines": 0}, "missing_lines": [154], "excluded_lines": []}, "print_divider": {"executed_lines": [], "summary": {"covered_lines": 0, "num_statements": 1, "percent_covered": 0.0, "percent_covered_display": "0", "missing_lines": 1, "excluded_lines": 0}, "missing_lines": [159], "excluded_lines": []}, "print_tool_summary": {"executed_lines": [], "summary": {"covered_lines": 0, "num_statements": 3, "percent_covered": 0.0, "percent_covered_display": "0", "missing_lines": 3, "excluded_lines": 0}, "missing_lines": [170, 171, 172], "excluded_lines": []}, "stream_response": {"executed_lines": [], "summary": {"covered_lines": 0, "num_statements": 5, "percent_covered": 0.0, "percent_covered_display": "0", "missing_lines": 5, "excluded_lines": 0}, "missing_lines": [185, 186, 189, 190, 191], "excluded_lines": []}, "stream_response_async": {"executed_lines": [], "summary": {"covered_lines": 0, "num_statements": 8, "percent_covered": 0.0, "percent_covered_display": "0", "missing_lines": 8, "excluded_lines": 0}, "missing_lines": [201, 202, 205, 207, 208, 210, 212, 213], "excluded_lines": []}, "print_error": {"executed_lines": [], "summary": {"covered_lines": 0, "num_statements": 2, "percent_covered": 0.0, "percent_covered_display": "0", "missing_lines": 2, "excluded_lines": 0}, "missing_lines": [222, 223], "excluded_lines": []}, "print_session_summary": {"executed_lines": [], "summary": {"covered_lines": 0, "num_statements": 9, "percent_covered": 0.0, "percent_covered_display": "0", "missing_lines": 9, "excluded_lines": 0}, "missing_lines": [240, 241, 242, 243, 244, 245, 246, 247, 248], "excluded_lines": []}, "print_command_help": {"executed_lines": [], "summary": {"covered_lines": 0, "num_statements": 2, "percent_covered": 0.0, "percent_covered_display": "0", "missing_lines": 2, "excluded_lines": 0}, "missing_lines": [253, 264], "excluded_lines": []}, "print_status": {"executed_lines": [], "summary": {"covered_lines": 0, "num_statements": 17, "percent_covered": 0.0, "percent_covered_display": "0", "missing_lines": 17, "excluded_lines": 0}, "missing_lines": [295, 296, 297, 298, 299, 300, 301, 302, 305, 306, 307, 308, 310, 311, 312, 313, 315], "excluded_lines": []}, "print_trace": {"executed_lines": [], "summary": {"covered_lines": 0, "num_statements": 32, "percent_covered": 0.0, "percent_covered_display": "0", "missing_lines": 32, "excluded_lines": 0}, "missing_lines": [324, 325, 326, 328, 329, 330, 332, 333, 334, 336, 338, 339, 340, 341, 342, 343, 345, 346, 347, 348, 349, 350, 351, 352, 353, 355, 356, 357, 358, 359, 360, 362], "excluded_lines": []}, "": {"executed_lines": [], "summary": {"covered_lines": 0, "num_statements": 32, "percent_covered": 0.0, "percent_covered_display": "0", "missing_lines": 32, "excluded_lines": 0}, "missing_lines": [10, 11, 12, 13, 14, 16, 17, 18, 19, 20, 21, 25, 27, 29, 32, 34, 35, 36, 39, 83, 121, 131, 147, 157, 162, 175, 194, 216, 226, 251, 267, 318], "excluded_lines": []}}, "classes": {"QueryComplexity": {"executed_lines": [], "summary": {"covered_lines": 0, "num_statements": 0, "percent_covered": 100.0, "percent_covered_display": "100", "missing_lines": 0, "excluded_lines": 0}, "missing_lines": [], "excluded_lines": []}, "": {"executed_lines": [], "summary": {"covered_lines": 0, "num_statements": 141, "percent_covered": 0.0, "percent_covered_display": "0", "missing_lines": 141, "excluded_lines": 0}, "missing_lines": [10, 11, 12, 13, 14, 16, 17, 18, 19, 20, 21, 25, 27, 29, 32, 34, 35, 36, 39, 52, 55, 61, 62, 65, 72, 73, 74, 76, 77, 80, 83, 94, 95, 96, 97, 98, 99, 101, 104, 109, 116, 117, 118, 121, 127, 128, 131, 138, 141, 142, 144, 147, 154, 157, 159, 162, 170, 171, 172, 175, 185, 186, 189, 190, 191, 194, 201, 202, 205, 207, 208, 210, 212, 213, 216, 222, 223, 226, 240, 241, 242, 243, 244, 245, 246, 247, 248, 251, 253, 264, 267, 295, 296, 297, 298, 299, 300, 301, 302, 305, 306, 307, 308, 310, 311, 312, 313, 315, 318, 324, 325, 326, 328, 329, 330, 332, 333, 334, 336, 338, 339, 340, 341, 342, 343, 345, 346, 347, 348, 349, 350, 351, 352, 353, 355, 356, 357, 358, 359, 360, 362], "excluded_lines": []}}}, "deepr\\cli\\validation.py": {"executed_lines": [1, 3, 4, 5, 7, 13, 16, 25, 28, 88, 107, 108, 109, 114, 127, 130, 134, 135, 140, 143, 168, 169, 172, 176, 182, 185], "summary": {"covered_lines": 25, "num_statements": 62, "percent_covered": 40.32258064516129, "percent_covered_display": "40", "missing_lines": 37, "excluded_lines": 0}, "missing_lines": [53, 54, 56, 58, 59, 62, 65, 66, 69, 72, 74, 76, 77, 78, 80, 81, 82, 83, 85, 110, 111, 128, 131, 136, 173, 177, 178, 179, 180, 204, 205, 207, 208, 209, 211, 212, 214], "excluded_lines": [], "functions": {"validate_upload_files": {"executed_lines": [], "summary": {"covered_lines": 0, "num_statements": 19, "percent_covered": 0.0, "percent_covered_display": "0", "missing_lines": 19, "excluded_lines": 0}, "missing_lines": [53, 54, 56, 58, 59, 62, 65, 66, 69, 72, 74, 76, 77, 78, 80, 81, 82, 83, 85], "excluded_lines": []}, "validate_prompt": {"executed_lines": [107, 108, 109], "summary": {"covered_lines": 3, "num_statements": 5, "percent_covered": 60.0, "percent_covered_display": "60", "missing_lines": 2, "excluded_lines": 0}, "missing_lines": [110, 111], "excluded_lines": []}, "validate_expert_name": {"executed_lines": [127, 130, 134, 135, 140], "summary": {"covered_lines": 5, "num_statements": 8, "percent_covered": 62.5, "percent_covered_display": "62", "missing_lines": 3, "excluded_lines": 0}, "missing_lines": [128, 131, 136], "excluded_lines": []}, "validate_budget": {"executed_lines": [168, 169, 172, 176, 182], "summary": {"covered_lines": 5, "num_statements": 10, "percent_covered": 50.0, "percent_covered_display": "50", "missing_lines": 5, "excluded_lines": 0}, "missing_lines": [173, 177, 178, 179, 180], "excluded_lines": []}, "confirm_high_cost_operation": {"executed_lines": [], "summary": {"covered_lines": 0, "num_statements": 8, "percent_covered": 0.0, "percent_covered_display": "0", "missing_lines": 8, "excluded_lines": 0}, "missing_lines": [204, 205, 207, 208, 209, 211, 212, 214], "excluded_lines": []}, "": {"executed_lines": [1, 3, 4, 5, 7, 13, 16, 25, 28, 88, 114, 143, 185], "summary": {"covered_lines": 12, "num_statements": 12, "percent_covered": 100.0, "percent_covered_display": "100", "missing_lines": 0, "excluded_lines": 0}, "missing_lines": [], "excluded_lines": []}}, "classes": {"": {"executed_lines": [1, 3, 4, 5, 7, 13, 16, 25, 28, 88, 107, 108, 109, 114, 127, 130, 134, 135, 140, 143, 168, 169, 172, 176, 182, 185], "summary": {"covered_lines": 25, "num_statements": 62, "percent_covered": 40.32258064516129, "percent_covered_display": "40", "missing_lines": 37, "excluded_lines": 0}, "missing_lines": [53, 54, 56, 58, 59, 62, 65, 66, 69, 72, 74, 76, 77, 78, 80, 81, 82, 83, 85, 110, 111, 128, 131, 136, 173, 177, 178, 179, 180, 204, 205, 207, 208, 209, 211, 212, 214], "excluded_lines": []}}}, "deepr\\config.py": {"executed_lines": [1, 3, 4, 5, 6, 7, 10, 13, 14, 16, 18, 23, 24, 25, 30, 31, 32, 35, 40, 41, 46, 47, 48, 52, 63, 73, 74, 76, 78, 79, 80, 82, 84, 85, 86, 88, 90, 91, 92, 94, 96, 97, 98, 100, 102, 103, 105, 106, 107, 108, 109, 110, 111, 112, 115, 116, 118, 120, 125, 128, 131, 134, 135, 139, 140, 142, 143, 144, 145, 146, 147, 150, 151, 153, 154, 155, 158, 161, 164, 169, 170, 173, 178, 182, 183, 186, 191, 192, 193, 194, 197, 198, 201, 202, 204, 207, 208, 209, 212, 213, 216, 217, 220, 222, 223, 224, 226, 227, 229, 230, 231, 233, 234, 236, 237, 238, 240, 241, 243, 244, 245, 247, 248, 249, 250, 253, 254, 256, 261, 264, 267, 268, 269, 270, 273, 274, 277, 282, 283, 284, 285, 286, 287, 290, 291, 293, 294, 305, 307, 327, 329, 340, 342, 350, 355, 360, 371, 378, 391, 392, 402, 415, 423, 424, 436, 438, 444, 451, 453], "summary": {"covered_lines": 161, "num_statements": 162, "percent_covered": 99.38271604938272, "percent_covered_display": "99", "missing_lines": 1, "excluded_lines": 0}, "missing_lines": [426], "excluded_lines": [], "functions": {"ProviderConfig.get_model_for_task": {"executed_lines": [73, 74, 76], "summary": {"covered_lines": 3, "num_statements": 3, "percent_covered": 100.0, "percent_covered_display": "100", "missing_lines": 0, "excluded_lines": 0}, "missing_lines": [], "excluded_lines": []}, "ProviderConfig.validate_default_provider": {"executed_lines": [82], "summary": {"covered_lines": 1, "num_statements": 1, "percent_covered": 100.0, "percent_covered_display": "100", "missing_lines": 0, "excluded_lines": 0}, "missing_lines": [], "excluded_lines": []}, "ProviderConfig.validate_default_model": {"executed_lines": [88], "summary": {"covered_lines": 1, "num_statements": 1, "percent_covered": 100.0, "percent_covered_display": "100", "missing_lines": 0, "excluded_lines": 0}, "missing_lines": [], "excluded_lines": []}, "ProviderConfig.validate_deep_research_provider": {"executed_lines": [94], "summary": {"covered_lines": 1, "num_statements": 1, "percent_covered": 100.0, "percent_covered_display": "100", "missing_lines": 0, "excluded_lines": 0}, "missing_lines": [], "excluded_lines": []}, "ProviderConfig.validate_deep_research_model": {"executed_lines": [100], "summary": {"covered_lines": 1, "num_statements": 1, "percent_covered": 100.0, "percent_covered_display": "100", "missing_lines": 0, "excluded_lines": 0}, "missing_lines": [], "excluded_lines": []}, "ProviderConfig.validate_api_keys": {"executed_lines": [105, 106, 107, 108, 109, 110, 111, 112], "summary": {"covered_lines": 8, "num_statements": 8, "percent_covered": 100.0, "percent_covered_display": "100", "missing_lines": 0, "excluded_lines": 0}, "missing_lines": [], "excluded_lines": []}, "StorageConfig.validate_azure_storage": {"executed_lines": [142, 143, 144, 145, 146, 147], "summary": {"covered_lines": 6, "num_statements": 6, "percent_covered": 100.0, "percent_covered_display": "100", "missing_lines": 0, "excluded_lines": 0}, "missing_lines": [], "excluded_lines": []}, "ExpertConfig.validate_default_topics": {"executed_lines": [226, 227], "summary": {"covered_lines": 2, "num_statements": 2, "percent_covered": 100.0, "percent_covered_display": "100", "missing_lines": 0, "excluded_lines": 0}, "missing_lines": [], "excluded_lines": []}, "ExpertConfig.validate_deep_topics": {"executed_lines": [233, 234], "summary": {"covered_lines": 2, "num_statements": 2, "percent_covered": 100.0, "percent_covered_display": "100", "missing_lines": 0, "excluded_lines": 0}, "missing_lines": [], "excluded_lines": []}, "ExpertConfig.validate_quick_topics": {"executed_lines": [240, 241], "summary": {"covered_lines": 2, "num_statements": 2, "percent_covered": 100.0, "percent_covered_display": "100", "missing_lines": 0, "excluded_lines": 0}, "missing_lines": [], "excluded_lines": []}, "ExpertConfig.validate_auto_synthesis": {"executed_lines": [247, 248, 249, 250], "summary": {"covered_lines": 4, "num_statements": 4, "percent_covered": 100.0, "percent_covered_display": "100", "missing_lines": 0, "excluded_lines": 0}, "missing_lines": [], "excluded_lines": []}, "AppConfig.from_env": {"executed_lines": [305, 307, 327, 329, 340, 342, 350, 355, 360], "summary": {"covered_lines": 9, "num_statements": 9, "percent_covered": 100.0, "percent_covered_display": "100", "missing_lines": 0, "excluded_lines": 0}, "missing_lines": [], "excluded_lines": []}, "AppConfig.to_env_file": {"executed_lines": [378, 391, 392, 402, 415, 423, 424, 436], "summary": {"covered_lines": 8, "num_statements": 9, "percent_covered": 88.88888888888889, "percent_covered_display": "89", "missing_lines": 1, "excluded_lines": 0}, "missing_lines": [426], "excluded_lines": []}, "load_config": {"executed_lines": [451, 453], "summary": {"covered_lines": 2, "num_statements": 2, "percent_covered": 100.0, "percent_covered_display": "100", "missing_lines": 0, "excluded_lines": 0}, "missing_lines": [], "excluded_lines": []}, "": {"executed_lines": [1, 3, 4, 5, 6, 7, 10, 13, 14, 16, 18, 23, 24, 25, 30, 31, 32, 35, 40, 41, 46, 47, 48, 52, 63, 78, 79, 80, 84, 85, 86, 90, 91, 92, 96, 97, 98, 102, 103, 115, 116, 118, 120, 125, 128, 131, 134, 135, 139, 140, 150, 151, 153, 154, 155, 158, 161, 164, 169, 170, 173, 178, 182, 183, 186, 191, 192, 193, 194, 197, 198, 201, 202, 204, 207, 208, 209, 212, 213, 216, 217, 220, 222, 223, 224, 229, 230, 231, 236, 237, 238, 243, 244, 245, 253, 254, 256, 261, 264, 267, 268, 269, 270, 273, 274, 277, 282, 283, 284, 285, 286, 287, 290, 291, 293, 294, 371, 438, 444], "summary": {"covered_lines": 111, "num_statements": 111, "percent_covered": 100.0, "percent_covered_display": "100", "missing_lines": 0, "excluded_lines": 0}, "missing_lines": [], "excluded_lines": []}}, "classes": {"ProviderConfig": {"executed_lines": [73, 74, 76, 82, 88, 94, 100, 105, 106, 107, 108, 109, 110, 111, 112], "summary": {"covered_lines": 15, "num_statements": 15, "percent_covered": 100.0, "percent_covered_display": "100", "missing_lines": 0, "excluded_lines": 0}, "missing_lines": [], "excluded_lines": []}, "StorageConfig": {"executed_lines": [142, 143, 144, 145, 146, 147], "summary": {"covered_lines": 6, "num_statements": 6, "percent_covered": 100.0, "percent_covered_display": "100", "missing_lines": 0, "excluded_lines": 0}, "missing_lines": [], "excluded_lines": []}, "WebhookConfig": {"executed_lines": [], "summary": {"covered_lines": 0, "num_statements": 0, "percent_covered": 100.0, "percent_covered_display": "100", "missing_lines": 0, "excluded_lines": 0}, "missing_lines": [], "excluded_lines": []}, "ResearchConfig": {"executed_lines": [], "summary": {"covered_lines": 0, "num_statements": 0, "percent_covered": 100.0, "percent_covered_display": "100", "missing_lines": 0, "excluded_lines": 0}, "missing_lines": [], "excluded_lines": []}, "ExpertConfig": {"executed_lines": [226, 227, 233, 234, 240, 241, 247, 248, 249, 250], "summary": {"covered_lines": 10, "num_statements": 10, "percent_covered": 100.0, "percent_covered_display": "100", "missing_lines": 0, "excluded_lines": 0}, "missing_lines": [], "excluded_lines": []}, "DatabaseConfig": {"executed_lines": [], "summary": {"covered_lines": 0, "num_statements": 0, "percent_covered": 100.0, "percent_covered_display": "100", "missing_lines": 0, "excluded_lines": 0}, "missing_lines": [], "excluded_lines": []}, "AppConfig": {"executed_lines": [305, 307, 327, 329, 340, 342, 350, 355, 360, 378, 391, 392, 402, 415, 423, 424, 436], "summary": {"covered_lines": 17, "num_statements": 18, "percent_covered": 94.44444444444444, "percent_covered_display": "94", "missing_lines": 1, "excluded_lines": 0}, "missing_lines": [426], "excluded_lines": []}, "": {"executed_lines": [1, 3, 4, 5, 6, 7, 10, 13, 14, 16, 18, 23, 24, 25, 30, 31, 32, 35, 40, 41, 46, 47, 48, 52, 63, 78, 79, 80, 84, 85, 8
[...]
74], "excluded_lines": []}, "ContentSynthesizer._get_llm_synthesis": {"executed_lines": [], "summary": {"covered_lines": 0, "num_statements": 3, "percent_covered": 0.0, "percent_covered_display": "0", "missing_lines": 3, "excluded_lines": 0}, "missing_lines": [298, 300, 303], "excluded_lines": []}, "ProvenanceTracker.__init__": {"executed_lines": [310], "summary": {"covered_lines": 1, "num_statements": 1, "percent_covered": 100.0, "percent_covered_display": "100", "missing_lines": 0, "excluded_lines": 0}, "missing_lines": [], "excluded_lines": []}, "ProvenanceTracker.add_citation": {"executed_lines": [320, 321, 322, 323], "summary": {"covered_lines": 4, "num_statements": 4, "percent_covered": 100.0, "percent_covered_display": "100", "missing_lines": 0, "excluded_lines": 0}, "missing_lines": [], "excluded_lines": []}, "ProvenanceTracker.get_sources": {"executed_lines": [335], "summary": {"covered_lines": 1, "num_statements": 1, "percent_covered": 100.0, "percent_covered_display": "100", "missing_lines": 0, "excluded_lines": 0}, "missing_lines": [], "excluded_lines": []}, "ProvenanceTracker.format_citation": {"executed_lines": [347, 348, 351, 352], "summary": {"covered_lines": 4, "num_statements": 5, "percent_covered": 80.0, "percent_covered_display": "80", "missing_lines": 1, "excluded_lines": 0}, "missing_lines": [349], "excluded_lines": []}, "": {"executed_lines": [1, 3, 4, 5, 7, 10, 11, 13, 22, 87, 106, 134, 185, 228, 272, 288, 306, 307, 309, 312, 325, 337], "summary": {"covered_lines": 19, "num_statements": 19, "percent_covered": 100.0, "percent_covered_display": "100", "missing_lines": 0, "excluded_lines": 0}, "missing_lines": [], "excluded_lines": []}}, "classes": {"ContentSynthesizer": {"executed_lines": [], "summary": {"covered_lines": 0, "num_statements": 37, "percent_covered": 0.0, "percent_covered_display": "0", "missing_lines": 37, "excluded_lines": 0}, "missing_lines": [20, 41, 42, 43, 48, 51, 54, 55, 56, 57, 60, 68, 69, 70, 71, 72, 77, 97, 99, 100, 101, 102, 104, 125, 126, 127, 128, 129, 130, 132, 136, 187, 230, 274, 298, 300, 303], "excluded_lines": []}, "ProvenanceTracker": {"executed_lines": [310, 320, 321, 322, 323, 335, 347, 348, 351, 352], "summary": {"covered_lines": 10, "num_statements": 11, "percent_covered": 90.9090909090909, "percent_covered_display": "91", "missing_lines": 1, "excluded_lines": 0}, "missing_lines": [349], "excluded_lines": []}, "": {"executed_lines": [1, 3, 4, 5, 7, 10, 11, 13, 22, 87, 106, 134, 185, 228, 272, 288, 306, 307, 309, 312, 325, 337], "summary": {"covered_lines": 19, "num_statements": 19, "percent_covered": 100.0, "percent_covered_display": "100", "missing_lines": 0, "excluded_lines": 0}, "missing_lines": [], "excluded_lines": []}}}, "deepr\\utils\\security.py": {"executed_lines": [1, 3, 4, 5, 6, 7, 8, 11, 12, 13, 16, 17, 18, 21, 22, 23, 26, 27, 28, 31, 48, 49, 52, 55, 58, 59, 61, 64, 93, 96, 97, 100, 103, 106, 107, 114, 117, 120, 123, 128, 129, 130, 131, 132, 133, 136, 141, 142, 143, 148, 171, 172, 175, 179, 183, 184, 188, 189, 190, 191, 196, 202, 221, 223, 226, 260, 293, 312, 317, 320, 359, 374, 382, 383, 384, 386], "summary": {"covered_lines": 71, "num_statements": 108, "percent_covered": 65.74074074074075, "percent_covered_display": "66", "missing_lines": 37, "excluded_lines": 0}, "missing_lines": [94, 101, 108, 109, 115, 118, 144, 145, 176, 180, 186, 192, 193, 194, 198, 199, 222, 245, 247, 248, 250, 252, 253, 257, 282, 283, 285, 286, 290, 313, 338, 339, 342, 350, 351, 352, 356], "excluded_lines": [], "functions": {"sanitize_name": {"executed_lines": [48, 49, 52, 55, 58, 59, 61], "summary": {"covered_lines": 7, "num_statements": 7, "percent_covered": 100.0, "percent_covered_display": "100", "missing_lines": 0, "excluded_lines": 0}, "missing_lines": [], "excluded_lines": []}, "validate_path": {"executed_lines": [93, 96, 97, 100, 103, 106, 107, 114, 117, 120], "summary": {"covered_lines": 10, "num_statements": 16, "percent_covered": 62.5, "percent_covered_display": "62", "missing_lines": 6, "excluded_lines": 0}, "missing_lines": [94, 101, 108, 109, 115, 118], "excluded_lines": []}, "is_blocked_ip": {"executed_lines": [128, 129, 130, 131, 132, 133], "summary": {"covered_lines": 6, "num_statements": 6, "percent_covered": 100.0, "percent_covered_display": "100", "missing_lines": 0, "excluded_lines": 0}, "missing_lines": [], "excluded_lines": []}, "resolve_all_ips": {"executed_lines": [141, 142, 143], "summary": {"covered_lines": 3, "num_statements": 5, "percent_covered": 60.0, "percent_covered_display": "60", "missing_lines": 2, "excluded_lines": 0}, "missing_lines": [144, 145], "excluded_lines": []}, "is_safe_url": {"executed_lines": [171, 172, 175, 179, 183, 184, 188, 189, 190, 191, 196], "summary": {"covered_lines": 11, "num_statements": 19, "percent_covered": 57.89473684210526, "percent_covered_display": "58", "missing_lines": 8, "excluded_lines": 0}, "missing_lines": [176, 180, 186, 192, 193, 194, 198, 199], "excluded_lines": []}, "validate_url": {"executed_lines": [221, 223], "summary": {"covered_lines": 2, "num_statements": 3, "percent_covered": 66.66666666666667, "percent_covered_display": "67", "missing_lines": 1, "excluded_lines": 0}, "missing_lines": [222], "excluded_lines": []}, "validate_file_size": {"executed_lines": [], "summary": {"covered_lines": 0, "num_statements": 7, "percent_covered": 0.0, "percent_covered_display": "0", "missing_lines": 7, "excluded_lines": 0}, "missing_lines": [245, 247, 248, 250, 252, 253, 257], "excluded_lines": []}, "validate_file_extension": {"executed_lines": [], "summary": {"covered_lines": 0, "num_statements": 5, "percent_covered": 0.0, "percent_covered_display": "0", "missing_lines": 5, "excluded_lines": 0}, "missing_lines": [282, 283, 285, 286, 290], "excluded_lines": []}, "validate_prompt_length": {"executed_lines": [312, 317], "summary": {"covered_lines": 2, "num_statements": 3, "percent_covered": 66.66666666666667, "percent_covered_display": "67", "missing_lines": 1, "excluded_lines": 0}, "missing_lines": [313], "excluded_lines": []}, "validate_api_key": {"executed_lines": [], "summary": {"covered_lines": 0, "num_statements": 7, "percent_covered": 0.0, "percent_covered_display": "0", "missing_lines": 7, "excluded_lines": 0}, "missing_lines": [338, 339, 342, 350, 351, 352, 356], "excluded_lines": []}, "sanitize_log_message": {"executed_lines": [374, 382, 383, 384, 386], "summary": {"covered_lines": 5, "num_statements": 5, "percent_covered": 100.0, "percent_covered_display": "100", "missing_lines": 0, "excluded_lines": 0}, "missing_lines": [], "excluded_lines": []}, "": {"executed_lines": [1, 3, 4, 5, 6, 7, 8, 11, 12, 13, 16, 17, 18, 21, 22, 23, 26, 27, 28, 31, 64, 123, 136, 148, 202, 226, 260, 293, 320, 359], "summary": {"covered_lines": 25, "num_statements": 25, "percent_covered": 100.0, "percent_covered_display": "100", "missing_lines": 0, "excluded_lines": 0}, "missing_lines": [], "excluded_lines": []}}, "classes": {"SecurityError": {"executed_lines": [], "summary": {"covered_lines": 0, "num_statements": 0, "percent_covered": 100.0, "percent_covered_display": "100", "missing_lines": 0, "excluded_lines": 0}, "missing_lines": [], "excluded_lines": []}, "PathTraversalError": {"executed_lines": [], "summary": {"covered_lines": 0, "num_statements": 0, "percent_covered": 100.0, "percent_covered_display": "100", "missing_lines": 0, "excluded_lines": 0}, "missing_lines": [], "excluded_lines": []}, "SSRFError": {"executed_lines": [], "summary": {"covered_lines": 0, "num_statements": 0, "percent_covered": 100.0, "percent_covered_display": "100", "missing_lines": 0, "excluded_lines": 0}, "missing_lines": [], "excluded_lines": []}, "InvalidInputError": {"executed_lines": [], "summary": {"covered_lines": 0, "num_statements": 0, "percent_covered": 100.0, "percent_covered_display": "100", "missing_lines": 0, "excluded_lines": 0}, "missing_lines": [], "excluded_lines": []}, "": {"executed_lines": [1, 3, 4, 5, 6, 7, 8, 11, 12, 13, 16, 17, 18, 21, 22, 23, 26, 27, 28, 31, 48, 49, 52, 55, 58, 59, 61, 64, 93, 96, 97, 100, 103, 106, 107, 114, 117, 120, 123, 128, 129, 130, 131, 132, 133, 136, 141, 142, 143, 148, 171, 172, 175, 179, 183, 184, 188, 189, 190, 191, 196, 202, 221, 223, 226, 260, 293, 312, 317, 320, 359, 374, 382, 383, 384, 386], "summary": {"covered_lines": 71, "num_statements": 108, "percent_covered": 65.74074074074075, "percent_covered_display": "66", "missing_lines": 37, "excluded_lines": 0}, "missing_lines": [94, 101, 108, 109, 115, 118, 144, 145, 176, 180, 186, 192, 193, 194, 198, 199, 222, 245, 247, 248, 250, 252, 253, 257, 282, 283, 285, 286, 290, 313, 338, 339, 342, 350, 351, 352, 356], "excluded_lines": []}}}, "deepr\\webhooks\\__init__.py": {"executed_lines": [], "summary": {"covered_lines": 0, "num_statements": 3, "percent_covered": 0.0, "percent_covered_display": "0", "missing_lines": 3, "excluded_lines": 0}, "missing_lines": [3, 4, 6], "excluded_lines": [], "functions": {"": {"executed_lines": [], "summary": {"covered_lines": 0, "num_statements": 3, "percent_covered": 0.0, "percent_covered_display": "0", "missing_lines": 3, "excluded_lines": 0}, "missing_lines": [3, 4, 6], "excluded_lines": []}}, "classes": {"": {"executed_lines": [], "summary": {"covered_lines": 0, "num_statements": 3, "percent_covered": 0.0, "percent_covered_display": "0", "missing_lines": 3, "excluded_lines": 0}, "missing_lines": [3, 4, 6], "excluded_lines": []}}}, "deepr\\webhooks\\server.py": {"executed_lines": [], "summary": {"covered_lines": 0, "num_statements": 37, "percent_covered": 0.0, "percent_covered_display": "0", "missing_lines": 37, "excluded_lines": 0}, "missing_lines": [3, 4, 5, 6, 7, 8, 10, 13, 24, 27, 30, 48, 49, 51, 53, 54, 56, 58, 59, 60, 63, 64, 66, 68, 69, 72, 73, 75, 78, 80, 82, 83, 84, 86, 87, 89, 91], "excluded_lines": [], "functions": {"_verify_signature": {"executed_lines": [], "summary": {"covered_lines": 0, "num_statements": 2, "percent_covered": 0.0, "percent_covered_display": "0", "missing_lines": 2, "excluded_lines": 0}, "missing_lines": [24, 27], "excluded_lines": []}, "create_webhook_server": {"executed_lines": [], "summary": {"covered_lines": 0, "num_statements": 8, "percent_covered": 0.0, "percent_covered_display": "0", "missing_lines": 8, "excluded_lines": 0}, "missing_lines": [48, 49, 51, 53, 54, 86, 87, 91], "excluded_lines": []}, "create_webhook_server.webhook": {"executed_lines": [], "summary": {"covered_lines": 0, "num_statements": 17, "percent_covered": 0.0, "percent_covered_display": "0", "missing_lines": 17, "excluded_lines": 0}, "missing_lines": [56, 58, 59, 60, 63, 64, 66, 68, 69, 72, 73, 75, 78, 80, 82, 83, 84], "excluded_lines": []}, "create_webhook_server.health": {"executed_lines": [], "summary": {"covered_lines": 0, "num_statements": 1, "percent_covered": 0.0, "percent_covered_display": "0", "missing_lines": 1, "excluded_lines": 0}, "missing_lines": [89], "excluded_lines": []}, "": {"executed_lines": [], "summary": {"covered_lines": 0, "num_statements": 9, "percent_covered": 0.0, "percent_covered_display": "0", "missing_lines": 9, "excluded_lines": 0}, "missing_lines": [3, 4, 5, 6, 7, 8, 10, 13, 30], "excluded_lines": []}}, "classes": {"": {"executed_lines": [], "summary": {"covered_lines": 0, "num_statements": 37, "percent_covered": 0.0, "percent_covered_display": "0", "missing_lines": 37, "excluded_lines": 0}, "missing_lines": [3, 4, 5, 6, 7, 8, 10, 13, 24, 27, 30, 48, 49, 51, 53, 54, 56, 58, 59, 60, 63, 64, 66, 68, 69, 72, 73, 75, 78, 80, 82, 83, 84, 86, 87, 89, 91], "excluded_lines": []}}}, "deepr\\webhooks\\tunnel.py": {"executed_lines": [], "summary": {"covered_lines": 0, "num_statements": 49, "percent_covered": 0.0, "percent_covered_display": "0", "missing_lines": 49, "excluded_lines": 0}, "missing_lines": [3, 4, 5, 6, 9, 12, 20, 21, 22, 23, 25, 35, 37, 38, 41, 48, 49, 50, 53, 55, 56, 57, 58, 59, 61, 63, 64, 66, 68, 69, 70, 72, 74, 75, 76, 77, 78, 79, 81, 83, 85, 87, 88, 95, 102, 104, 105, 107, 109], "excluded_lines": [], "functions": {"NgrokTunnel.__init__": {"executed_lines": [], "summary": {"covered_lines": 0, "num_statements": 4, "percent_covered": 0.0, "percent_covered_display": "0", "missing_lines": 4, "excluded_lines": 0}, "missing_lines": [20, 21, 22, 23], "excluded_lines": []}, "NgrokTunnel.start": {"executed_lines": [], "summary": {"covered_lines": 0, "num_statements": 20, "percent_covered": 0.0, "percent_covered_display": "0", "missing_lines": 20, "excluded_lines": 0}, "missing_lines": [35, 37, 38, 41, 48, 49, 50, 53, 55, 56, 57, 58, 59, 61, 63, 64, 66, 68, 69, 70], "excluded_lines": []}, "NgrokTunnel.stop": {"executed_lines": [], "summary": {"covered_lines": 0, "num_statements": 7, "percent_covered": 0.0, "percent_covered_display": "0", "missing_lines": 7, "excluded_lines": 0}, "missing_lines": [74, 75, 76, 77, 78, 79, 81], "excluded_lines": []}, "NgrokTunnel._kill_existing": {"executed_lines": [], "summary": {"covered_lines": 0, "num_statements": 4, "percent_covered": 0.0, "percent_covered_display": "0", "missing_lines": 4, "excluded_lines": 0}, "missing_lines": [85, 87, 88, 95], "excluded_lines": []}, "NgrokTunnel.__enter__": {"executed_lines": [], "summary": {"covered_lines": 0, "num_statements": 2, "percent_covered": 0.0, "percent_covered_display": "0", "missing_lines": 2, "excluded_lines": 0}, "missing_lines": [104, 105], "excluded_lines": []}, "NgrokTunnel.__exit__": {"executed_lines": [], "summary": {"covered_lines": 0, "num_statements": 1, "percent_covered": 0.0, "percent_covered_display": "0", "missing_lines": 1, "excluded_lines": 0}, "missing_lines": [109], "excluded_lines": []}, "": {"executed_lines": [], "summary": {"covered_lines": 0, "num_statements": 11, "percent_covered": 0.0, "percent_covered_display": "0", "missing_lines": 11, "excluded_lines": 0}, "missing_lines": [3, 4, 5, 6, 9, 12, 25, 72, 83, 102, 107], "excluded_lines": []}}, "classes": {"NgrokTunnel": {"executed_lines": [], "summary": {"covered_lines": 0, "num_statements": 38, "percent_covered": 0.0, "percent_covered_display": "0", "missing_lines": 38, "excluded_lines": 0}, "missing_lines": [20, 21, 22, 23, 35, 37, 38, 41, 48, 49, 50, 53, 55, 56, 57, 58, 59, 61, 63, 64, 66, 68, 69, 70, 74, 75, 76, 77, 78, 79, 81, 85, 87, 88, 95, 104, 105, 109], "excluded_lines": []}, "": {"executed_lines": [], "summary": {"covered_lines": 0, "num_statements": 11, "percent_covered": 0.0, "percent_covered_display": "0", "missing_lines": 11, "excluded_lines": 0}, "missing_lines": [3, 4, 5, 6, 9, 12, 25, 72, 83, 102, 107], "excluded_lines": []}}}, "deepr\\worker\\__init__.py": {"executed_lines": [1, 3, 5], "summary": {"covered_lines": 2, "num_statements": 2, "percent_covered": 100.0, "percent_covered_display": "100", "missing_lines": 0, "excluded_lines": 0}, "missing_lines": [], "excluded_lines": [], "functions": {"": {"executed_lines": [1, 3, 5], "summary": {"covered_lines": 2, "num_statements": 2, "percent_covered": 100.0, "percent_covered_display": "100", "missing_lines": 0, "excluded_lines": 0}, "missing_lines": [], "excluded_lines": []}}, "classes": {"": {"executed_lines": [1, 3, 5], "summary": {"covered_lines": 2, "num_statements": 2, "percent_covered": 100.0, "percent_covered_display": "100", "missing_lines": 0, "excluded_lines": 0}, "missing_lines": [], "excluded_lines": []}}}, "deepr\\worker\\poller.py": {"executed_lines": [1, 3, 4, 5, 7, 8, 9, 10, 11, 14, 17, 18, 25, 37, 38, 39, 42, 45, 50, 55, 60, 66, 81, 83, 85, 87, 90, 92, 93, 94, 96, 98, 99, 100, 104, 106, 108, 109, 110, 111, 114, 116, 119, 120, 123, 124, 125, 128, 129, 132, 134, 135, 136, 138, 139, 142, 143, 149, 150, 151, 156, 167, 169, 171, 172, 175, 176, 177, 178, 179, 180, 181, 182, 185, 199, 200, 203, 211, 213, 215, 216, 217, 219, 221, 223, 224, 227, 237, 252], "summary": {"covered_lines": 86, "num_statements": 111, "percent_covered": 77.47747747747748, "percent_covered_display": "77", "missing_lines": 25, "excluded_lines": 3}, "missing_lines": [68, 69, 71, 72, 73, 74, 75, 77, 79, 101, 102, 137, 152, 153, 161, 163, 164, 233, 234, 243, 245, 246, 247, 248, 249], "excluded_lines": [252, 254, 260], "functions": {"JobPoller.__init__": {"executed_lines": [37, 38, 39, 42, 45, 50, 55, 60], "summary": {"covered_lines": 8, "num_statements": 8, "percent_covered": 100.0, "percent_covered_display": "100", "missing_lines": 0, "excluded_lines": 0}, "missing_lines": [], "excluded_lines": []}, "JobPoller.start": {"executed_lines": [], "summary": {"covered_lines": 0, "num_statements": 9, "percent_covered": 0.0, "percent_covered_display": "0", "missing_lines": 9, "excluded_lines": 0}, "missing_lines": [68, 69, 71, 72, 73, 74, 75, 77, 79], "excluded_lines": []}, "JobPoller.stop": {"executed_lines": [83], "summary": {"covered_lines": 1, "num_statements": 1, "percent_covered": 100.0, "percent_covered_display": "100", "missing_lines": 0, "excluded_lines": 0}, "missing_lines": [], "excluded_lines": []}, "JobPoller._poll_cycle": {"executed_lines": [87, 90, 92, 93, 94, 96, 98, 99, 100], "summary": {"covered_lines": 9, "num_statements": 11, "percent_covered": 81.81818181818181, "percent_covered_display": "82", "missing_lines": 2, "excluded_lines": 0}, "missing_lines": [101, 102], "excluded_lines": []}, "JobPoller._check_job_status": {"executed_lines": [106, 108, 109, 110, 111, 114, 116, 119, 120, 123, 124, 125, 128, 129, 132, 134, 135, 136, 138, 139, 142, 143, 149, 150, 151, 156], "summary": {"covered_lines": 26, "num_statements": 32, "percent_covered": 81.25, "percent_covered_display": "81", "missing_lines": 6, "excluded_lines": 0}, "missing_lines": [137, 152, 153, 161, 163, 164], "excluded_lines": []}, "JobPoller._handle_completion": {"executed_lines": [169, 171, 172, 175, 176, 177, 178, 179, 180, 181, 182, 185, 199, 200, 203, 211, 213, 215, 216, 217], "summary": {"covered_lines": 20, "num_statements": 20, "percent_covered": 100.0, "percent_covered_display": "100", "missing_lines": 0, "excluded_lines": 0}, "missing_lines": [], "excluded_lines": []}, "JobPoller._handle_failure": {"executed_lines": [221, 223, 224, 227], "summary": {"covered_lines": 4, "num_statements": 6, "percent_covered": 66.66666666666667, "percent_covered_display": "67", "missing_lines": 2, "excluded_lines": 0}, "missing_lines": [233, 234], "excluded_lines": []}, "run_poller": {"executed_lines": [], "summary": {"covered_lines": 0, "num_statements": 6, "percent_covered": 0.0, "percent_covered_display": "0", "missing_lines": 6, "excluded_lines": 0}, "missing_lines": [243, 245, 246, 247, 248, 249], "excluded_lines": []}, "": {"executed_lines": [1, 3, 4, 5, 7, 8, 9, 10, 11, 14, 17, 18, 25, 66, 81, 85, 104, 167, 219, 237, 252], "summary": {"covered_lines": 18, "num_statements": 18, "percent_covered": 100.0, "percent_covered_display": "100", "missing_lines": 0, "excluded_lines": 3}, "missing_lines": [], "excluded_lines": [252, 254, 260]}}, "classes": {"JobPoller": {"executed_lines": [37, 38, 39, 42, 45, 50, 55, 60, 83, 87, 90, 92, 93, 94, 96, 98, 99, 100, 106, 108, 109, 110, 111, 114, 116, 119, 120, 123, 124, 125, 128, 129, 132, 134, 135, 136, 138, 139, 142, 143, 149, 150, 151, 156, 169, 171, 172, 175, 176, 177, 178, 179, 180, 181, 182, 185, 199, 200, 203, 211, 213, 215, 216, 217, 221, 223, 224, 227], "summary": {"covered_lines": 68, "num_statements": 87, "percent_covered": 78.16091954022988, "percent_covered_display": "78", "missing_lines": 19, "excluded_lines": 0}, "missing_lines": [68, 69, 71, 72, 73, 74, 75, 77, 79, 101, 102, 137, 152, 153, 161, 163, 164, 233, 234], "excluded_lines": []}, "": {"executed_lines": [1, 3, 4, 5, 7, 8, 9, 10, 11, 14, 17, 18, 25, 66, 81, 85, 104, 167, 219, 237, 252], "summary": {"covered_lines": 18, "num_statements": 24, "percent_covered": 75.0, "percent_covered_display": "75", "missing_lines": 6, "excluded_lines": 3}, "missing_lines": [243, 245, 246, 247, 248, 249], "excluded_lines": [252, 254, 260]}}}}, "totals": {"covered_lines": 11584, "num_statements": 18117, "percent_covered": 63.93994590715902, "percent_covered_display": "64", "missing_lines": 6533, "excluded_lines": 46}}